mode: set
github.com/go-micro/plugins/server/http/utils/tls/tls.go:20.67,26.16 4 0
github.com/go-micro/plugins/server/http/utils/tls/tls.go:30.2,35.21 2 0
github.com/go-micro/plugins/server/http/utils/tls/tls.go:26.16,28.3 1 0
github.com/go-micro/plugins/server/http/utils/tls/tls.go:39.56,42.28 2 0
github.com/go-micro/plugins/server/http/utils/tls/tls.go:52.2,54.16 2 0
github.com/go-micro/plugins/server/http/utils/tls/tls.go:58.2,64.21 2 0
github.com/go-micro/plugins/server/http/utils/tls/tls.go:42.28,44.17 2 0
github.com/go-micro/plugins/server/http/utils/tls/tls.go:48.3,48.30 1 0
github.com/go-micro/plugins/server/http/utils/tls/tls.go:44.17,46.4 1 0
github.com/go-micro/plugins/server/http/utils/tls/tls.go:54.16,56.3 1 0
github.com/go-micro/plugins/server/http/utils/tls/tls.go:69.49,71.16 2 0
github.com/go-micro/plugins/server/http/utils/tls/tls.go:75.2,78.16 3 0
github.com/go-micro/plugins/server/http/utils/tls/tls.go:82.2,85.41 3 0
github.com/go-micro/plugins/server/http/utils/tls/tls.go:71.16,73.3 1 0
github.com/go-micro/plugins/server/http/utils/tls/tls.go:78.16,80.3 1 0
github.com/go-micro/plugins/server/http/utils/tls/tls.go:89.59,93.16 3 0
github.com/go-micro/plugins/server/http/utils/tls/tls.go:97.2,103.16 5 0
github.com/go-micro/plugins/server/http/utils/tls/tls.go:107.2,121.25 2 0
github.com/go-micro/plugins/server/http/utils/tls/tls.go:129.2,133.16 4 0
github.com/go-micro/plugins/server/http/utils/tls/tls.go:138.2,139.93 2 0
github.com/go-micro/plugins/server/http/utils/tls/tls.go:144.2,147.16 3 0
github.com/go-micro/plugins/server/http/utils/tls/tls.go:151.2,151.88 1 0
github.com/go-micro/plugins/server/http/utils/tls/tls.go:155.2,156.16 2 0
github.com/go-micro/plugins/server/http/utils/tls/tls.go:160.2,160.18 1 0
github.com/go-micro/plugins/server/http/utils/tls/tls.go:93.16,95.3 1 0
github.com/go-micro/plugins/server/http/utils/tls/tls.go:103.16,105.3 1 0
github.com/go-micro/plugins/server/http/utils/tls/tls.go:121.25,122.38 1 0
github.com/go-micro/plugins/server/http/utils/tls/tls.go:122.38,124.4 1 0
github.com/go-micro/plugins/server/http/utils/tls/tls.go:124.9,126.4 1 0
github.com/go-micro/plugins/server/http/utils/tls/tls.go:133.16,135.3 1 0
github.com/go-micro/plugins/server/http/utils/tls/tls.go:139.93,141.3 1 0
github.com/go-micro/plugins/server/http/utils/tls/tls.go:147.16,149.3 1 0
github.com/go-micro/plugins/server/http/utils/tls/tls.go:151.88,153.3 1 0
github.com/go-micro/plugins/server/http/utils/tls/tls.go:156.16,158.3 1 0
github.com/go-micro/plugins/server/http/entrypoint/http.go:32.79,34.9 2 0
github.com/go-micro/plugins/server/http/entrypoint/http.go:38.2,38.23 1 0
github.com/go-micro/plugins/server/http/entrypoint/http.go:44.2,54.47 2 0
github.com/go-micro/plugins/server/http/entrypoint/http.go:60.2,60.80 1 0
github.com/go-micro/plugins/server/http/entrypoint/http.go:75.2,75.42 1 0
github.com/go-micro/plugins/server/http/entrypoint/http.go:34.9,36.3 1 0
github.com/go-micro/plugins/server/http/entrypoint/http.go:38.23,42.3 1 0
github.com/go-micro/plugins/server/http/entrypoint/http.go:54.47,56.3 1 0
github.com/go-micro/plugins/server/http/entrypoint/http.go:56.8,56.54 1 0
github.com/go-micro/plugins/server/http/entrypoint/http.go:56.54,58.3 1 0
github.com/go-micro/plugins/server/http/entrypoint/http.go:60.80,61.26 1 0
github.com/go-micro/plugins/server/http/entrypoint/http.go:65.3,67.54 1 0
github.com/go-micro/plugins/server/http/entrypoint/http.go:70.3,70.61 1 0
github.com/go-micro/plugins/server/http/entrypoint/http.go:61.26,63.4 1 0
github.com/go-micro/plugins/server/http/entrypoint/http.go:67.54,67.101 1 0
github.com/go-micro/plugins/server/http/entrypoint/http.go:70.61,72.4 1 0
github.com/go-micro/plugins/server/http/entrypoint/http.go:78.50,79.83 1 0
github.com/go-micro/plugins/server/http/entrypoint/http.go:83.2,83.12 1 0
github.com/go-micro/plugins/server/http/entrypoint/http.go:79.83,81.3 1 0
github.com/go-micro/plugins/server/http/entrypoint/http.go:86.54,87.91 1 0
github.com/go-micro/plugins/server/http/entrypoint/http.go:91.2,91.12 1 0
github.com/go-micro/plugins/server/http/entrypoint/http.go:87.91,89.3 1 0
github.com/go-micro/plugins/server/http/codec.go:20.103,30.9 3 0
github.com/go-micro/plugins/server/http/codec.go:56.2,61.9 5 0
github.com/go-micro/plugins/server/http/codec.go:66.2,66.59 1 0
github.com/go-micro/plugins/server/http/codec.go:71.2,71.20 1 0
github.com/go-micro/plugins/server/http/codec.go:31.62,35.40 3 0
github.com/go-micro/plugins/server/http/codec.go:36.10,38.17 2 0
github.com/go-micro/plugins/server/http/codec.go:44.3,45.61 2 0
github.com/go-micro/plugins/server/http/codec.go:38.17,41.4 2 0
github.com/go-micro/plugins/server/http/codec.go:45.61,47.18 2 0
github.com/go-micro/plugins/server/http/codec.go:47.18,49.5 1 0
github.com/go-micro/plugins/server/http/codec.go:50.9,52.4 1 0
github.com/go-micro/plugins/server/http/codec.go:61.9,64.3 2 0
github.com/go-micro/plugins/server/http/codec.go:66.59,69.3 2 0
github.com/go-micro/plugins/server/http/codec.go:75.82,77.27 2 0
github.com/go-micro/plugins/server/http/codec.go:81.2,82.9 2 0
github.com/go-micro/plugins/server/http/codec.go:87.2,90.83 3 0
github.com/go-micro/plugins/server/http/codec.go:97.2,97.55 1 0
github.com/go-micro/plugins/server/http/codec.go:102.2,102.12 1 0
github.com/go-micro/plugins/server/http/codec.go:77.27,79.3 1 0
github.com/go-micro/plugins/server/http/codec.go:82.9,85.3 2 0
github.com/go-micro/plugins/server/http/codec.go:90.83,95.3 3 0
github.com/go-micro/plugins/server/http/codec.go:97.55,100.3 2 0
github.com/go-micro/plugins/server/http/utils/tests/tests.go:57.13,59.2 1 1
github.com/go-micro/plugins/server/http/utils/tests/tests.go:62.23,101.75 5 1
github.com/go-micro/plugins/server/http/utils/tests/tests.go:101.75,103.5 1 0
github.com/go-micro/plugins/server/http/utils/tests/tests.go:109.68,113.16 3 0
github.com/go-micro/plugins/server/http/utils/tests/tests.go:117.2,117.58 1 0
github.com/go-micro/plugins/server/http/utils/tests/tests.go:121.2,121.12 1 0
github.com/go-micro/plugins/server/http/utils/tests/tests.go:113.16,115.3 1 0
github.com/go-micro/plugins/server/http/utils/tests/tests.go:117.58,119.3 1 0
github.com/go-micro/plugins/server/http/utils/tests/tests.go:125.73,127.16 2 0
github.com/go-micro/plugins/server/http/utils/tests/tests.go:131.2,135.16 4 0
github.com/go-micro/plugins/server/http/utils/tests/tests.go:139.2,139.58 1 0
github.com/go-micro/plugins/server/http/utils/tests/tests.go:143.2,143.12 1 0
github.com/go-micro/plugins/server/http/utils/tests/tests.go:127.16,129.3 1 0
github.com/go-micro/plugins/server/http/utils/tests/tests.go:135.16,137.3 1 0
github.com/go-micro/plugins/server/http/utils/tests/tests.go:139.58,141.3 1 0
github.com/go-micro/plugins/server/http/utils/tests/tests.go:147.78,151.16 3 0
github.com/go-micro/plugins/server/http/utils/tests/tests.go:155.2,158.16 3 0
github.com/go-micro/plugins/server/http/utils/tests/tests.go:162.2,162.55 1 0
github.com/go-micro/plugins/server/http/utils/tests/tests.go:166.2,166.12 1 0
github.com/go-micro/plugins/server/http/utils/tests/tests.go:151.16,153.3 1 0
github.com/go-micro/plugins/server/http/utils/tests/tests.go:158.16,160.3 1 0
github.com/go-micro/plugins/server/http/utils/tests/tests.go:162.55,164.3 1 0
github.com/go-micro/plugins/server/http/utils/tests/tests.go:170.52,177.16 3 0
github.com/go-micro/plugins/server/http/utils/tests/tests.go:181.2,184.12 3 0
github.com/go-micro/plugins/server/http/utils/tests/tests.go:177.16,179.3 1 0
github.com/go-micro/plugins/server/http/utils/tests/tests.go:187.56,189.52 2 0
github.com/go-micro/plugins/server/http/utils/tests/tests.go:193.2,193.34 1 0
github.com/go-micro/plugins/server/http/utils/tests/tests.go:197.2,197.12 1 0
github.com/go-micro/plugins/server/http/utils/tests/tests.go:189.52,191.3 1 0
github.com/go-micro/plugins/server/http/utils/tests/tests.go:193.34,195.3 1 0
github.com/go-micro/plugins/server/http/utils/tests/tests.go:200.57,202.53 2 0
github.com/go-micro/plugins/server/http/utils/tests/tests.go:206.2,206.31 1 0
github.com/go-micro/plugins/server/http/utils/tests/tests.go:210.2,210.12 1 0
github.com/go-micro/plugins/server/http/utils/tests/tests.go:202.53,204.3 1 0
github.com/go-micro/plugins/server/http/utils/tests/tests.go:206.31,208.3 1 0
github.com/go-micro/plugins/server/http/utils/tests/tests.go:213.94,225.16 2 0
github.com/go-micro/plugins/server/http/utils/tests/tests.go:229.2,229.15 1 0
github.com/go-micro/plugins/server/http/utils/tests/tests.go:235.2,236.16 2 0
github.com/go-micro/plugins/server/http/utils/tests/tests.go:240.2,242.38 2 0
github.com/go-micro/plugins/server/http/utils/tests/tests.go:246.2,246.18 1 0
github.com/go-micro/plugins/server/http/utils/tests/tests.go:225.16,227.3 1 0
github.com/go-micro/plugins/server/http/utils/tests/tests.go:229.15,230.42 1 0
github.com/go-micro/plugins/server/http/utils/tests/tests.go:230.42,232.4 1 0
github.com/go-micro/plugins/server/http/utils/tests/tests.go:236.16,238.3 1 0
github.com/go-micro/plugins/server/http/utils/tests/tests.go:242.38,244.3 1 0
github.com/go-micro/plugins/server/http/utils/tests/tests.go:249.99,266.16 2 0
github.com/go-micro/plugins/server/http/utils/tests/tests.go:270.2,270.15 1 0
github.com/go-micro/plugins/server/http/utils/tests/tests.go:276.2,276.38 1 0
github.com/go-micro/plugins/server/http/utils/tests/tests.go:280.2,281.16 2 0
github.com/go-micro/plugins/server/http/utils/tests/tests.go:285.2,287.18 2 0
github.com/go-micro/plugins/server/http/utils/tests/tests.go:266.16,268.3 1 0
github.com/go-micro/plugins/server/http/utils/tests/tests.go:270.15,271.42 1 0
github.com/go-micro/plugins/server/http/utils/tests/tests.go:271.42,273.4 1 0
github.com/go-micro/plugins/server/http/utils/tests/tests.go:276.38,278.3 1 0
github.com/go-micro/plugins/server/http/utils/tests/tests.go:281.16,283.3 1 0
github.com/go-micro/plugins/server/http/utils/tests/tests.go:290.110,296.14 2 0
github.com/go-micro/plugins/server/http/utils/tests/tests.go:318.2,318.18 1 0
github.com/go-micro/plugins/server/http/utils/tests/tests.go:297.20,298.60 1 0
github.com/go-micro/plugins/server/http/utils/tests/tests.go:299.17,300.53 1 0
github.com/go-micro/plugins/server/http/utils/tests/tests.go:301.17,302.53 1 0
github.com/go-micro/plugins/server/http/utils/tests/tests.go:303.17,313.49 2 0
github.com/go-micro/plugins/server/http/utils/tests/tests.go:314.15,315.55 1 0
github.com/go-micro/plugins/server/http/utils/tests/tests.go:321.67,323.34 1 0
github.com/go-micro/plugins/server/http/utils/tests/tests.go:323.34,329.3 1 0
github.com/go-micro/plugins/server/http/utils/tests/handler/hander.go:18.101,23.2 1 0
github.com/go-micro/plugins/server/http/utils/ip/ip.go:24.44,25.23 1 1
github.com/go-micro/plugins/server/http/utils/ip/ip.go:29.2,30.16 2 1
github.com/go-micro/plugins/server/http/utils/ip/ip.go:34.2,35.16 2 1
github.com/go-micro/plugins/server/http/utils/ip/ip.go:39.2,39.24 1 1
github.com/go-micro/plugins/server/http/utils/ip/ip.go:44.2,44.20 1 1
github.com/go-micro/plugins/server/http/utils/ip/ip.go:48.2,48.58 1 1
github.com/go-micro/plugins/server/http/utils/ip/ip.go:52.2,52.12 1 1
github.com/go-micro/plugins/server/http/utils/ip/ip.go:25.23,27.3 1 1
github.com/go-micro/plugins/server/http/utils/ip/ip.go:30.16,32.3 1 1
github.com/go-micro/plugins/server/http/utils/ip/ip.go:35.16,37.3 1 1
github.com/go-micro/plugins/server/http/utils/ip/ip.go:39.24,41.3 1 1
github.com/go-micro/plugins/server/http/utils/ip/ip.go:44.20,46.3 1 1
github.com/go-micro/plugins/server/http/utils/ip/ip.go:48.58,50.3 1 1
github.com/go-micro/plugins/server/http/utils/ip/ip.go:56.45,58.16 2 1
github.com/go-micro/plugins/server/http/utils/ip/ip.go:62.2,63.16 2 1
github.com/go-micro/plugins/server/http/utils/ip/ip.go:67.2,67.15 1 1
github.com/go-micro/plugins/server/http/utils/ip/ip.go:58.16,60.3 1 0
github.com/go-micro/plugins/server/http/utils/ip/ip.go:63.16,65.3 1 1
github.com/go-micro/plugins/server/http/entrypoint/config.go:48.52,63.2 3 0
github.com/go-micro/plugins/server/http/entrypoint/config.go:66.50,67.33 1 0
github.com/go-micro/plugins/server/http/entrypoint/config.go:67.33,69.3 1 0
github.com/go-micro/plugins/server/http/entrypoint/config.go:75.41,76.25 1 0
github.com/go-micro/plugins/server/http/entrypoint/config.go:76.25,78.3 1 0
github.com/go-micro/plugins/server/http/entrypoint/config.go:82.51,83.25 1 0
github.com/go-micro/plugins/server/http/entrypoint/config.go:83.25,87.3 2 0
github.com/go-micro/plugins/server/http/entrypoint/config.go:91.50,92.25 1 0
github.com/go-micro/plugins/server/http/entrypoint/config.go:92.25,94.3 1 0
github.com/go-micro/plugins/server/http/entrypoint/config.go:101.28,102.25 1 0
github.com/go-micro/plugins/server/http/entrypoint/config.go:102.25,104.3 1 0
github.com/go-micro/plugins/server/http/entrypoint/config.go:108.25,109.25 1 0
github.com/go-micro/plugins/server/http/entrypoint/config.go:109.25,111.3 1 0
github.com/go-micro/plugins/server/http/entrypoint/config.go:115.28,116.25 1 0
github.com/go-micro/plugins/server/http/entrypoint/config.go:116.25,118.3 1 0
github.com/go-micro/plugins/server/http/entrypoint/config.go:123.24,124.25 1 0
github.com/go-micro/plugins/server/http/entrypoint/config.go:124.25,126.3 1 0
github.com/go-micro/plugins/server/http/entrypoint/entrypoint.go:41.116,44.60 2 0
github.com/go-micro/plugins/server/http/entrypoint/entrypoint.go:48.2,56.16 4 0
github.com/go-micro/plugins/server/http/entrypoint/entrypoint.go:60.2,61.16 2 0
github.com/go-micro/plugins/server/http/entrypoint/entrypoint.go:65.2,65.30 1 0
github.com/go-micro/plugins/server/http/entrypoint/entrypoint.go:69.2,70.16 2 0
github.com/go-micro/plugins/server/http/entrypoint/entrypoint.go:74.2,74.25 1 0
github.com/go-micro/plugins/server/http/entrypoint/entrypoint.go:44.60,46.3 1 0
github.com/go-micro/plugins/server/http/entrypoint/entrypoint.go:56.16,58.3 1 0
github.com/go-micro/plugins/server/http/entrypoint/entrypoint.go:61.16,63.3 1 0
github.com/go-micro/plugins/server/http/entrypoint/entrypoint.go:65.30,67.3 1 0
github.com/go-micro/plugins/server/http/entrypoint/entrypoint.go:70.16,72.3 1 0
github.com/go-micro/plugins/server/http/entrypoint/entrypoint.go:78.36,79.15 1 0
github.com/go-micro/plugins/server/http/entrypoint/entrypoint.go:83.2,88.16 4 0
github.com/go-micro/plugins/server/http/entrypoint/entrypoint.go:92.2,92.12 1 0
github.com/go-micro/plugins/server/http/entrypoint/entrypoint.go:98.2,98.21 1 0
github.com/go-micro/plugins/server/http/entrypoint/entrypoint.go:104.2,105.16 2 0
github.com/go-micro/plugins/server/http/entrypoint/entrypoint.go:109.2,109.12 1 0
github.com/go-micro/plugins/server/http/entrypoint/entrypoint.go:115.2,117.12 2 0
github.com/go-micro/plugins/server/http/entrypoint/entrypoint.go:79.15,81.3 1 0
github.com/go-micro/plugins/server/http/entrypoint/entrypoint.go:88.16,90.3 1 0
github.com/go-micro/plugins/server/http/entrypoint/entrypoint.go:92.12,93.58 1 0
github.com/go-micro/plugins/server/http/entrypoint/entrypoint.go:93.58,95.4 1 0
github.com/go-micro/plugins/server/http/entrypoint/entrypoint.go:98.21,101.3 2 0
github.com/go-micro/plugins/server/http/entrypoint/entrypoint.go:105.16,107.3 1 0
github.com/go-micro/plugins/server/http/entrypoint/entrypoint.go:109.12,110.60 1 0
github.com/go-micro/plugins/server/http/entrypoint/entrypoint.go:110.60,112.4 1 0
github.com/go-micro/plugins/server/http/entrypoint/entrypoint.go:125.54,126.16 1 0
github.com/go-micro/plugins/server/http/entrypoint/entrypoint.go:130.2,136.20 5 0
github.com/go-micro/plugins/server/http/entrypoint/entrypoint.go:147.2,147.39 1 0
github.com/go-micro/plugins/server/http/entrypoint/entrypoint.go:155.2,157.25 2 0
github.com/go-micro/plugins/server/http/entrypoint/entrypoint.go:163.2,165.12 2 0
github.com/go-micro/plugins/server/http/entrypoint/entrypoint.go:126.16,128.3 1 0
github.com/go-micro/plugins/server/http/entrypoint/entrypoint.go:136.20,139.13 2 0
github.com/go-micro/plugins/server/http/entrypoint/entrypoint.go:139.13,144.4 2 0
github.com/go-micro/plugins/server/http/entrypoint/entrypoint.go:147.39,153.3 2 0
github.com/go-micro/plugins/server/http/entrypoint/entrypoint.go:157.25,158.37 1 0
github.com/go-micro/plugins/server/http/entrypoint/entrypoint.go:158.37,160.4 1 0
github.com/go-micro/plugins/server/http/entrypoint/entrypoint.go:168.54,175.25 2 0
github.com/go-micro/plugins/server/http/entrypoint/entrypoint.go:180.2,180.84 1 0
github.com/go-micro/plugins/server/http/entrypoint/entrypoint.go:188.2,188.47 1 0
github.com/go-micro/plugins/server/http/entrypoint/entrypoint.go:195.2,195.20 1 0
github.com/go-micro/plugins/server/http/entrypoint/entrypoint.go:175.25,177.3 1 0
github.com/go-micro/plugins/server/http/entrypoint/entrypoint.go:180.84,182.17 2 0
github.com/go-micro/plugins/server/http/entrypoint/entrypoint.go:182.17,184.4 1 0
github.com/go-micro/plugins/server/http/entrypoint/entrypoint.go:188.47,190.17 2 0
github.com/go-micro/plugins/server/http/entrypoint/entrypoint.go:190.17,192.4 1 0
github.com/go-micro/plugins/server/http/utils/header/header.go:14.52,16.16 2 0
github.com/go-micro/plugins/server/http/utils/header/header.go:20.2,20.16 1 0
github.com/go-micro/plugins/server/http/utils/header/header.go:16.16,18.3 1 0
github.com/go-micro/plugins/server/http/utils/header/header.go:25.82,29.39 2 0
github.com/go-micro/plugins/server/http/utils/header/header.go:34.2,35.41 2 0
github.com/go-micro/plugins/server/http/utils/header/header.go:47.2,47.15 1 0
github.com/go-micro/plugins/server/http/utils/header/header.go:29.39,31.3 1 0
github.com/go-micro/plugins/server/http/utils/header/header.go:35.41,37.17 2 0
github.com/go-micro/plugins/server/http/utils/header/header.go:42.3,42.25 1 0
github.com/go-micro/plugins/server/http/utils/header/header.go:37.17,38.12 1 0
github.com/go-micro/plugins/server/http/utils/header/header.go:42.25,44.4 1 0
github.com/go-micro/plugins/server/http/config.go:73.105,86.89 4 0
github.com/go-micro/plugins/server/http/config.go:90.2,90.31 1 0
github.com/go-micro/plugins/server/http/config.go:95.2,95.17 1 0
github.com/go-micro/plugins/server/http/config.go:86.89,88.3 1 0
github.com/go-micro/plugins/server/http/config.go:90.31,93.3 2 0
github.com/go-micro/plugins/server/http/config.go:99.50,100.33 1 0
github.com/go-micro/plugins/server/http/config.go:100.33,102.3 1 0
github.com/go-micro/plugins/server/http/config.go:107.52,108.32 1 0
github.com/go-micro/plugins/server/http/config.go:112.2,114.48 2 0
github.com/go-micro/plugins/server/http/config.go:122.2,122.18 1 0
github.com/go-micro/plugins/server/http/config.go:126.2,126.16 1 0
github.com/go-micro/plugins/server/http/config.go:108.32,110.3 1 0
github.com/go-micro/plugins/server/http/config.go:114.48,115.39 1 0
github.com/go-micro/plugins/server/http/config.go:115.39,116.46 1 0
github.com/go-micro/plugins/server/http/config.go:116.46,118.5 1 0
github.com/go-micro/plugins/server/http/config.go:122.18,124.3 1 0
github.com/go-micro/plugins/server/http/config.go:131.53,132.24 1 0
github.com/go-micro/plugins/server/http/config.go:136.2,137.16 2 0
github.com/go-micro/plugins/server/http/config.go:141.2,141.25 1 0
github.com/go-micro/plugins/server/http/config.go:132.24,134.3 1 0
github.com/go-micro/plugins/server/http/config.go:137.16,139.3 1 0
github.com/go-micro/plugins/server/http/config.go:147.65,148.25 1 0
github.com/go-micro/plugins/server/http/config.go:148.25,150.3 1 0
github.com/go-micro/plugins/server/http/config.go:157.64,158.25 1 0
github.com/go-micro/plugins/server/http/config.go:158.25,160.3 1 0
github.com/go-micro/plugins/server/http/config.go:174.42,175.25 1 0
github.com/go-micro/plugins/server/http/config.go:175.25,176.30 1 0
github.com/go-micro/plugins/server/http/config.go:176.30,179.4 2 0
github.com/go-micro/plugins/server/http/config.go:194.56,195.25 1 0
github.com/go-micro/plugins/server/http/config.go:195.25,197.3 1 0
github.com/go-micro/plugins/server/http/config.go:202.28,204.2 1 0
github.com/go-micro/plugins/server/http/config.go:207.25,209.2 1 0
github.com/go-micro/plugins/server/http/config.go:214.24,215.25 1 0
github.com/go-micro/plugins/server/http/config.go:215.25,217.3 1 0
github.com/go-micro/plugins/server/http/config.go:222.37,223.25 1 0
github.com/go-micro/plugins/server/http/config.go:223.25,225.3 1 0
github.com/go-micro/plugins/server/http/config.go:229.32,231.2 1 0
github.com/go-micro/plugins/server/http/config.go:235.28,237.2 1 0
github.com/go-micro/plugins/server/http/server.go:53.130,55.16 2 0
github.com/go-micro/plugins/server/http/server.go:59.2,60.16 2 0
github.com/go-micro/plugins/server/http/server.go:64.2,67.16 3 0
github.com/go-micro/plugins/server/http/server.go:71.2,79.46 2 0
github.com/go-micro/plugins/server/http/server.go:83.2,83.16 1 0
github.com/go-micro/plugins/server/http/server.go:55.16,57.3 1 0
github.com/go-micro/plugins/server/http/server.go:60.16,62.3 1 0
github.com/go-micro/plugins/server/http/server.go:67.16,69.3 1 0
github.com/go-micro/plugins/server/http/server.go:79.46,81.3 1 0
github.com/go-micro/plugins/server/http/server.go:87.32,88.46 1 0
github.com/go-micro/plugins/server/http/server.go:94.2,94.12 1 0
github.com/go-micro/plugins/server/http/server.go:88.46,89.44 1 0
github.com/go-micro/plugins/server/http/server.go:89.44,91.4 1 0
github.com/go-micro/plugins/server/http/server.go:98.50,103.34 2 0
github.com/go-micro/plugins/server/http/server.go:109.2,111.42 2 0
github.com/go-micro/plugins/server/http/server.go:117.2,119.12 2 0
github.com/go-micro/plugins/server/http/server.go:103.34,104.46 1 0
github.com/go-micro/plugins/server/http/server.go:104.46,106.4 1 0
github.com/go-micro/plugins/server/http/server.go:111.42,112.37 1 0
github.com/go-micro/plugins/server/http/server.go:112.37,114.4 1 0
github.com/go-micro/plugins/server/http/server.go:123.32,125.2 1 0
github.com/go-micro/plugins/server/http/server.go:128.34,130.2 1 0
github.com/go-micro/plugins/server/http/server.go:133.41,135.2 1 0
github.com/go-micro/plugins/server/http/server.go:137.44,138.41 1 0
github.com/go-micro/plugins/server/http/server.go:147.2,147.12 1 0
github.com/go-micro/plugins/server/http/server.go:138.41,140.17 2 0
github.com/go-micro/plugins/server/http/server.go:144.3,144.40 1 0
github.com/go-micro/plugins/server/http/server.go:140.17,142.4 1 0
github.com/go-micro/plugins/server/http/utils/tcp/tcp.go:10.79,12.20 1 0
github.com/go-micro/plugins/server/http/utils/tcp/tcp.go:16.2,16.32 1 0
github.com/go-micro/plugins/server/http/utils/tcp/tcp.go:12.20,14.3 1 0
github.com/go-micro/plugins/server/http/entrypoint/http3.go:31.61,33.16 2 0
github.com/go-micro/plugins/server/http/entrypoint/http3.go:37.2,38.64 1 0
github.com/go-micro/plugins/server/http/entrypoint/http3.go:44.2,55.80 4 0
github.com/go-micro/plugins/server/http/entrypoint/http3.go:63.2,63.17 1 0
github.com/go-micro/plugins/server/http/entrypoint/http3.go:33.16,35.3 1 0
github.com/go-micro/plugins/server/http/entrypoint/http3.go:38.64,41.4 1 0
github.com/go-micro/plugins/server/http/entrypoint/http3.go:55.80,56.56 1 0
github.com/go-micro/plugins/server/http/entrypoint/http3.go:60.3,60.37 1 0
github.com/go-micro/plugins/server/http/entrypoint/http3.go:56.56,58.4 1 0
github.com/go-micro/plugins/server/http/entrypoint/http3.go:66.54,67.76 1 0
github.com/go-micro/plugins/server/http/entrypoint/http3.go:71.2,71.12 1 0
github.com/go-micro/plugins/server/http/entrypoint/http3.go:67.76,69.3 1 0
github.com/go-micro/plugins/server/http/entrypoint/http3.go:74.54,77.2 1 0
github.com/go-micro/plugins/server/http/entrypoint/http3.go:79.94,84.2 3 0
github.com/go-micro/plugins/server/http/entrypoint/http3.go:86.68,87.14 1 0
github.com/go-micro/plugins/server/http/entrypoint/http3.go:91.2,93.10 2 0
github.com/go-micro/plugins/server/http/entrypoint/http3.go:87.14,89.3 1 0
github.com/go-micro/plugins/server/http/handler.go:16.117,18.9 2 0
github.com/go-micro/plugins/server/http/handler.go:22.2,22.54 1 0
github.com/go-micro/plugins/server/http/handler.go:18.9,19.26 1 0
github.com/go-micro/plugins/server/http/handler.go:22.54,25.53 2 0
github.com/go-micro/plugins/server/http/handler.go:32.3,33.17 2 0
github.com/go-micro/plugins/server/http/handler.go:40.3,40.51 1 0
github.com/go-micro/plugins/server/http/handler.go:25.53,30.4 3 0
github.com/go-micro/plugins/server/http/handler.go:33.17,38.4 3 0
github.com/go-micro/plugins/server/http/handler.go:40.51,45.4 3 0
github.com/go-micro/plugins/server/http/handler.go:50.51,54.2 2 0
github.com/go-micro/plugins/server/http/utils/udp/udp.go:7.63,9.2 1 0
github.com/go-micro/plugins/server/http/router/chi/chi.go:13.13,14.61 1 1
github.com/go-micro/plugins/server/http/router/chi/chi.go:14.61,15.13 1 0
github.com/go-micro/plugins/server/http/router/chi/chi.go:24.32,26.2 1 0
github.com/go-micro/plugins/server/http/router/chi/chi.go:29.26,35.2 2 0
github.com/go-micro/plugins/server/http/router/chi/chi.go:38.66,42.2 2 0
github.com/go-micro/plugins/server/http/utils/tests/proto/echo.pb.go:31.31,33.29 2 0
github.com/go-micro/plugins/server/http/utils/tests/proto/echo.pb.go:33.29,37.3 3 0
github.com/go-micro/plugins/server/http/utils/tests/proto/echo.pb.go:40.39,42.2 1 0
github.com/go-micro/plugins/server/http/utils/tests/proto/echo.pb.go:44.37,44.38 0 0
github.com/go-micro/plugins/server/http/utils/tests/proto/echo.pb.go:46.59,48.41 2 0
github.com/go-micro/plugins/server/http/utils/tests/proto/echo.pb.go:55.2,55.24 1 0
github.com/go-micro/plugins/server/http/utils/tests/proto/echo.pb.go:48.41,50.34 2 0
github.com/go-micro/plugins/server/http/utils/tests/proto/echo.pb.go:53.3,53.12 1 0
github.com/go-micro/plugins/server/http/utils/tests/proto/echo.pb.go:50.34,52.4 1 0
github.com/go-micro/plugins/server/http/utils/tests/proto/echo.pb.go:59.50,61.2 1 0
github.com/go-micro/plugins/server/http/utils/tests/proto/echo.pb.go:63.40,64.14 1 0
github.com/go-micro/plugins/server/http/utils/tests/proto/echo.pb.go:67.2,67.11 1 0
github.com/go-micro/plugins/server/http/utils/tests/proto/echo.pb.go:64.14,66.3 1 0
github.com/go-micro/plugins/server/http/utils/tests/proto/echo.pb.go:79.32,81.29 2 0
github.com/go-micro/plugins/server/http/utils/tests/proto/echo.pb.go:81.29,85.3 3 0
github.com/go-micro/plugins/server/http/utils/tests/proto/echo.pb.go:88.40,90.2 1 0
github.com/go-micro/plugins/server/http/utils/tests/proto/echo.pb.go:92.38,92.39 0 0
github.com/go-micro/plugins/server/http/utils/tests/proto/echo.pb.go:94.60,96.41 2 0
github.com/go-micro/plugins/server/http/utils/tests/proto/echo.pb.go:103.2,103.24 1 0
github.com/go-micro/plugins/server/http/utils/tests/proto/echo.pb.go:96.41,98.34 2 0
github.com/go-micro/plugins/server/http/utils/tests/proto/echo.pb.go:101.3,101.12 1 0
github.com/go-micro/plugins/server/http/utils/tests/proto/echo.pb.go:98.34,100.4 1 0
github.com/go-micro/plugins/server/http/utils/tests/proto/echo.pb.go:107.51,109.2 1 0
github.com/go-micro/plugins/server/http/utils/tests/proto/echo.pb.go:111.40,112.14 1 0
github.com/go-micro/plugins/server/http/utils/tests/proto/echo.pb.go:115.2,115.11 1 0
github.com/go-micro/plugins/server/http/utils/tests/proto/echo.pb.go:112.14,114.3 1 0
github.com/go-micro/plugins/server/http/utils/tests/proto/echo.pb.go:118.44,119.14 1 0
github.com/go-micro/plugins/server/http/utils/tests/proto/echo.pb.go:122.2,122.12 1 0
github.com/go-micro/plugins/server/http/utils/tests/proto/echo.pb.go:119.14,121.3 1 0
github.com/go-micro/plugins/server/http/utils/tests/proto/echo.pb.go:149.49,150.46 1 0
github.com/go-micro/plugins/server/http/utils/tests/proto/echo.pb.go:153.2,153.42 1 0
github.com/go-micro/plugins/server/http/utils/tests/proto/echo.pb.go:150.46,152.3 1 0
github.com/go-micro/plugins/server/http/utils/tests/proto/echo.pb.go:171.13,171.45 1 1
github.com/go-micro/plugins/server/http/utils/tests/proto/echo.pb.go:172.35,173.34 1 1
github.com/go-micro/plugins/server/http/utils/tests/proto/echo.pb.go:176.2,176.30 1 1
github.com/go-micro/plugins/server/http/utils/tests/proto/echo.pb.go:202.2,219.37 6 1
github.com/go-micro/plugins/server/http/utils/tests/proto/echo.pb.go:173.34,175.3 1 0
github.com/go-micro/plugins/server/http/utils/tests/proto/echo.pb.go:176.30,177.87 1 0
github.com/go-micro/plugins/server/http/utils/tests/proto/echo.pb.go:189.3,189.87 1 0
github.com/go-micro/plugins/server/http/utils/tests/proto/echo.pb.go:177.87,178.36 1 0
github.com/go-micro/plugins/server/http/utils/tests/proto/echo.pb.go:179.11,180.20 1 0
github.com/go-micro/plugins/server/http/utils/tests/proto/echo.pb.go:181.11,182.24 1 0
github.com/go-micro/plugins/server/http/utils/tests/proto/echo.pb.go:183.11,184.28 1 0
github.com/go-micro/plugins/server/http/utils/tests/proto/echo.pb.go:185.12,186.15 1 0
github.com/go-micro/plugins/server/http/utils/tests/proto/echo.pb.go:189.87,190.37 1 0
github.com/go-micro/plugins/server/http/utils/tests/proto/echo.pb.go:191.11,192.20 1 0
github.com/go-micro/plugins/server/http/utils/tests/proto/echo.pb.go:193.11,194.24 1 0
github.com/go-micro/plugins/server/http/utils/tests/proto/echo.pb.go:195.11,196.28 1 0
github.com/go-micro/plugins/server/http/utils/tests/proto/echo.pb.go:197.12,198.15 1 0
github.com/go-micro/plugins/server/http/utils/tests/proto/echo_grpc.pb.go:32.66,34.2 1 0
github.com/go-micro/plugins/server/http/utils/tests/proto/echo_grpc.pb.go:36.116,39.16 3 0
github.com/go-micro/plugins/server/http/utils/tests/proto/echo_grpc.pb.go:42.2,42.17 1 0
github.com/go-micro/plugins/server/http/utils/tests/proto/echo_grpc.pb.go:39.16,41.3 1 0
github.com/go-micro/plugins/server/http/utils/tests/proto/echo_grpc.pb.go:57.94,59.2 1 0
github.com/go-micro/plugins/server/http/utils/tests/proto/echo_grpc.pb.go:60.74,60.75 0 0
github.com/go-micro/plugins/server/http/utils/tests/proto/echo_grpc.pb.go:69.72,71.2 1 0
github.com/go-micro/plugins/server/http/utils/tests/proto/echo_grpc.pb.go:73.157,75.32 2 0
github.com/go-micro/plugins/server/http/utils/tests/proto/echo_grpc.pb.go:78.2,78.24 1 0
github.com/go-micro/plugins/server/http/utils/tests/proto/echo_grpc.pb.go:81.2,85.77 2 0
github.com/go-micro/plugins/server/http/utils/tests/proto/echo_grpc.pb.go:88.2,88.44 1 0
github.com/go-micro/plugins/server/http/utils/tests/proto/echo_grpc.pb.go:75.32,77.3 1 0
github.com/go-micro/plugins/server/http/utils/tests/proto/echo_grpc.pb.go:78.24,80.3 1 0
github.com/go-micro/plugins/server/http/utils/tests/proto/echo_grpc.pb.go:85.77,87.3 1 0
github.com/go-micro/plugins/server/http/utils/wg/wg.go:18.51,22.2 1 0
github.com/go-micro/plugins/server/http/utils/wg/wg.go:25.32,28.21 2 0
github.com/go-micro/plugins/server/http/utils/wg/wg.go:28.21,30.3 1 0
github.com/go-micro/plugins/server/http/utils/wg/wg.go:34.28,37.21 2 0
github.com/go-micro/plugins/server/http/utils/wg/wg.go:37.21,39.3 1 0
github.com/go-micro/plugins/server/http/utils/wg/wg.go:43.28,45.2 1 0
github.com/go-micro/plugins/server/http/utils/tests/tests.go:57.13,59.2 1 1
github.com/go-micro/plugins/server/http/utils/tests/tests.go:62.23,101.75 5 1
github.com/go-micro/plugins/server/http/utils/tests/tests.go:101.75,103.5 1 0
github.com/go-micro/plugins/server/http/utils/tests/tests.go:109.68,113.16 3 0
github.com/go-micro/plugins/server/http/utils/tests/tests.go:117.2,117.58 1 0
github.com/go-micro/plugins/server/http/utils/tests/tests.go:121.2,121.12 1 0
github.com/go-micro/plugins/server/http/utils/tests/tests.go:113.16,115.3 1 0
github.com/go-micro/plugins/server/http/utils/tests/tests.go:117.58,119.3 1 0
github.com/go-micro/plugins/server/http/utils/tests/tests.go:125.73,127.16 2 0
github.com/go-micro/plugins/server/http/utils/tests/tests.go:131.2,135.16 4 0
github.com/go-micro/plugins/server/http/utils/tests/tests.go:139.2,139.58 1 0
github.com/go-micro/plugins/server/http/utils/tests/tests.go:143.2,143.12 1 0
github.com/go-micro/plugins/server/http/utils/tests/tests.go:127.16,129.3 1 0
github.com/go-micro/plugins/server/http/utils/tests/tests.go:135.16,137.3 1 0
github.com/go-micro/plugins/server/http/utils/tests/tests.go:139.58,141.3 1 0
github.com/go-micro/plugins/server/http/utils/tests/tests.go:147.78,151.16 3 0
github.com/go-micro/plugins/server/http/utils/tests/tests.go:155.2,158.16 3 0
github.com/go-micro/plugins/server/http/utils/tests/tests.go:162.2,162.55 1 0
github.com/go-micro/plugins/server/http/utils/tests/tests.go:166.2,166.12 1 0
github.com/go-micro/plugins/server/http/utils/tests/tests.go:151.16,153.3 1 0
github.com/go-micro/plugins/server/http/utils/tests/tests.go:158.16,160.3 1 0
github.com/go-micro/plugins/server/http/utils/tests/tests.go:162.55,164.3 1 0
github.com/go-micro/plugins/server/http/utils/tests/tests.go:170.52,177.16 3 0
github.com/go-micro/plugins/server/http/utils/tests/tests.go:181.2,184.12 3 0
github.com/go-micro/plugins/server/http/utils/tests/tests.go:177.16,179.3 1 0
github.com/go-micro/plugins/server/http/utils/tests/tests.go:187.56,189.52 2 0
github.com/go-micro/plugins/server/http/utils/tests/tests.go:193.2,193.34 1 0
github.com/go-micro/plugins/server/http/utils/tests/tests.go:197.2,197.12 1 0
github.com/go-micro/plugins/server/http/utils/tests/tests.go:189.52,191.3 1 0
github.com/go-micro/plugins/server/http/utils/tests/tests.go:193.34,195.3 1 0
github.com/go-micro/plugins/server/http/utils/tests/tests.go:200.57,202.53 2 0
github.com/go-micro/plugins/server/http/utils/tests/tests.go:206.2,206.31 1 0
github.com/go-micro/plugins/server/http/utils/tests/tests.go:210.2,210.12 1 0
github.com/go-micro/plugins/server/http/utils/tests/tests.go:202.53,204.3 1 0
github.com/go-micro/plugins/server/http/utils/tests/tests.go:206.31,208.3 1 0
github.com/go-micro/plugins/server/http/utils/tests/tests.go:213.94,225.16 2 0
github.com/go-micro/plugins/server/http/utils/tests/tests.go:229.2,229.15 1 0
github.com/go-micro/plugins/server/http/utils/tests/tests.go:235.2,236.16 2 0
github.com/go-micro/plugins/server/http/utils/tests/tests.go:240.2,242.38 2 0
github.com/go-micro/plugins/server/http/utils/tests/tests.go:246.2,246.18 1 0
github.com/go-micro/plugins/server/http/utils/tests/tests.go:225.16,227.3 1 0
github.com/go-micro/plugins/server/http/utils/tests/tests.go:229.15,230.42 1 0
github.com/go-micro/plugins/server/http/utils/tests/tests.go:230.42,232.4 1 0
github.com/go-micro/plugins/server/http/utils/tests/tests.go:236.16,238.3 1 0
github.com/go-micro/plugins/server/http/utils/tests/tests.go:242.38,244.3 1 0
github.com/go-micro/plugins/server/http/utils/tests/tests.go:249.99,266.16 2 0
github.com/go-micro/plugins/server/http/utils/tests/tests.go:270.2,270.15 1 0
github.com/go-micro/plugins/server/http/utils/tests/tests.go:276.2,276.38 1 0
github.com/go-micro/plugins/server/http/utils/tests/tests.go:280.2,281.16 2 0
github.com/go-micro/plugins/server/http/utils/tests/tests.go:285.2,287.18 2 0
github.com/go-micro/plugins/server/http/utils/tests/tests.go:266.16,268.3 1 0
github.com/go-micro/plugins/server/http/utils/tests/tests.go:270.15,271.42 1 0
github.com/go-micro/plugins/server/http/utils/tests/tests.go:271.42,273.4 1 0
github.com/go-micro/plugins/server/http/utils/tests/tests.go:276.38,278.3 1 0
github.com/go-micro/plugins/server/http/utils/tests/tests.go:281.16,283.3 1 0
github.com/go-micro/plugins/server/http/utils/tests/tests.go:290.110,296.14 2 0
github.com/go-micro/plugins/server/http/utils/tests/tests.go:318.2,318.18 1 0
github.com/go-micro/plugins/server/http/utils/tests/tests.go:297.20,298.60 1 0
github.com/go-micro/plugins/server/http/utils/tests/tests.go:299.17,300.53 1 0
github.com/go-micro/plugins/server/http/utils/tests/tests.go:301.17,302.53 1 0
github.com/go-micro/plugins/server/http/utils/tests/tests.go:303.17,313.49 2 0
github.com/go-micro/plugins/server/http/utils/tests/tests.go:314.15,315.55 1 0
github.com/go-micro/plugins/server/http/utils/tests/tests.go:321.67,323.34 1 0
github.com/go-micro/plugins/server/http/utils/tests/tests.go:323.34,329.3 1 0
github.com/go-micro/plugins/server/http/utils/tests/handler/hander.go:18.101,23.2 1 0
github.com/go-micro/plugins/server/http/utils/tcp/tcp.go:10.79,12.20 1 0
github.com/go-micro/plugins/server/http/utils/tcp/tcp.go:16.2,16.32 1 0
github.com/go-micro/plugins/server/http/utils/tcp/tcp.go:12.20,14.3 1 0
github.com/go-micro/plugins/server/http/entrypoint/http3.go:31.61,33.16 2 0
github.com/go-micro/plugins/server/http/entrypoint/http3.go:37.2,38.64 1 0
github.com/go-micro/plugins/server/http/entrypoint/http3.go:44.2,55.80 4 0
github.com/go-micro/plugins/server/http/entrypoint/http3.go:63.2,63.17 1 0
github.com/go-micro/plugins/server/http/entrypoint/http3.go:33.16,35.3 1 0
github.com/go-micro/plugins/server/http/entrypoint/http3.go:38.64,41.4 1 0
github.com/go-micro/plugins/server/http/entrypoint/http3.go:55.80,56.56 1 0
github.com/go-micro/plugins/server/http/entrypoint/http3.go:60.3,60.37 1 0
github.com/go-micro/plugins/server/http/entrypoint/http3.go:56.56,58.4 1 0
github.com/go-micro/plugins/server/http/entrypoint/http3.go:66.54,67.76 1 0
github.com/go-micro/plugins/server/http/entrypoint/http3.go:71.2,71.12 1 0
github.com/go-micro/plugins/server/http/entrypoint/http3.go:67.76,69.3 1 0
github.com/go-micro/plugins/server/http/entrypoint/http3.go:74.54,77.2 1 0
github.com/go-micro/plugins/server/http/entrypoint/http3.go:79.94,84.2 3 0
github.com/go-micro/plugins/server/http/entrypoint/http3.go:86.68,87.14 1 0
github.com/go-micro/plugins/server/http/entrypoint/http3.go:91.2,93.10 2 0
github.com/go-micro/plugins/server/http/entrypoint/http3.go:87.14,89.3 1 0
github.com/go-micro/plugins/server/http/handler.go:16.117,18.9 2 0
github.com/go-micro/plugins/server/http/handler.go:22.2,22.54 1 0
github.com/go-micro/plugins/server/http/handler.go:18.9,19.26 1 0
github.com/go-micro/plugins/server/http/handler.go:22.54,25.53 2 0
github.com/go-micro/plugins/server/http/handler.go:32.3,33.17 2 0
github.com/go-micro/plugins/server/http/handler.go:40.3,40.51 1 0
github.com/go-micro/plugins/server/http/handler.go:25.53,30.4 3 0
github.com/go-micro/plugins/server/http/handler.go:33.17,38.4 3 0
github.com/go-micro/plugins/server/http/handler.go:40.51,45.4 3 0
github.com/go-micro/plugins/server/http/handler.go:50.51,54.2 2 0
github.com/go-micro/plugins/server/http/utils/ip/ip.go:24.44,25.23 1 0
github.com/go-micro/plugins/server/http/utils/ip/ip.go:29.2,30.16 2 0
github.com/go-micro/plugins/server/http/utils/ip/ip.go:34.2,35.16 2 0
github.com/go-micro/plugins/server/http/utils/ip/ip.go:39.2,39.24 1 0
github.com/go-micro/plugins/server/http/utils/ip/ip.go:44.2,44.20 1 0
github.com/go-micro/plugins/server/http/utils/ip/ip.go:48.2,48.58 1 0
github.com/go-micro/plugins/server/http/utils/ip/ip.go:52.2,52.12 1 0
github.com/go-micro/plugins/server/http/utils/ip/ip.go:25.23,27.3 1 0
github.com/go-micro/plugins/server/http/utils/ip/ip.go:30.16,32.3 1 0
github.com/go-micro/plugins/server/http/utils/ip/ip.go:35.16,37.3 1 0
github.com/go-micro/plugins/server/http/utils/ip/ip.go:39.24,41.3 1 0
github.com/go-micro/plugins/server/http/utils/ip/ip.go:44.20,46.3 1 0
github.com/go-micro/plugins/server/http/utils/ip/ip.go:48.58,50.3 1 0
github.com/go-micro/plugins/server/http/utils/ip/ip.go:56.45,58.16 2 0
github.com/go-micro/plugins/server/http/utils/ip/ip.go:62.2,63.16 2 0
github.com/go-micro/plugins/server/http/utils/ip/ip.go:67.2,67.15 1 0
github.com/go-micro/plugins/server/http/utils/ip/ip.go:58.16,60.3 1 0
github.com/go-micro/plugins/server/http/utils/ip/ip.go:63.16,65.3 1 0
github.com/go-micro/plugins/server/http/entrypoint/entrypoint.go:41.116,44.60 2 0
github.com/go-micro/plugins/server/http/entrypoint/entrypoint.go:48.2,56.16 4 0
github.com/go-micro/plugins/server/http/entrypoint/entrypoint.go:60.2,61.16 2 0
github.com/go-micro/plugins/server/http/entrypoint/entrypoint.go:65.2,65.30 1 0
github.com/go-micro/plugins/server/http/entrypoint/entrypoint.go:69.2,70.16 2 0
github.com/go-micro/plugins/server/http/entrypoint/entrypoint.go:74.2,74.25 1 0
github.com/go-micro/plugins/server/http/entrypoint/entrypoint.go:44.60,46.3 1 0
github.com/go-micro/plugins/server/http/entrypoint/entrypoint.go:56.16,58.3 1 0
github.com/go-micro/plugins/server/http/entrypoint/entrypoint.go:61.16,63.3 1 0
github.com/go-micro/plugins/server/http/entrypoint/entrypoint.go:65.30,67.3 1 0
github.com/go-micro/plugins/server/http/entrypoint/entrypoint.go:70.16,72.3 1 0
github.com/go-micro/plugins/server/http/entrypoint/entrypoint.go:78.36,79.15 1 0
github.com/go-micro/plugins/server/http/entrypoint/entrypoint.go:83.2,88.16 4 0
github.com/go-micro/plugins/server/http/entrypoint/entrypoint.go:92.2,92.12 1 0
github.com/go-micro/plugins/server/http/entrypoint/entrypoint.go:98.2,98.21 1 0
github.com/go-micro/plugins/server/http/entrypoint/entrypoint.go:104.2,105.16 2 0
github.com/go-micro/plugins/server/http/entrypoint/entrypoint.go:109.2,109.12 1 0
github.com/go-micro/plugins/server/http/entrypoint/entrypoint.go:115.2,117.12 2 0
github.com/go-micro/plugins/server/http/entrypoint/entrypoint.go:79.15,81.3 1 0
github.com/go-micro/plugins/server/http/entrypoint/entrypoint.go:88.16,90.3 1 0
github.com/go-micro/plugins/server/http/entrypoint/entrypoint.go:92.12,93.58 1 0
github.com/go-micro/plugins/server/http/entrypoint/entrypoint.go:93.58,95.4 1 0
github.com/go-micro/plugins/server/http/entrypoint/entrypoint.go:98.21,101.3 2 0
github.com/go-micro/plugins/server/http/entrypoint/entrypoint.go:105.16,107.3 1 0
github.com/go-micro/plugins/server/http/entrypoint/entrypoint.go:109.12,110.60 1 0
github.com/go-micro/plugins/server/http/entrypoint/entrypoint.go:110.60,112.4 1 0
github.com/go-micro/plugins/server/http/entrypoint/entrypoint.go:125.54,126.16 1 0
github.com/go-micro/plugins/server/http/entrypoint/entrypoint.go:130.2,136.20 5 0
github.com/go-micro/plugins/server/http/entrypoint/entrypoint.go:147.2,147.39 1 0
github.com/go-micro/plugins/server/http/entrypoint/entrypoint.go:155.2,157.25 2 0
github.com/go-micro/plugins/server/http/entrypoint/entrypoint.go:163.2,165.12 2 0
github.com/go-micro/plugins/server/http/entrypoint/entrypoint.go:126.16,128.3 1 0
github.com/go-micro/plugins/server/http/entrypoint/entrypoint.go:136.20,139.13 2 0
github.com/go-micro/plugins/server/http/entrypoint/entrypoint.go:139.13,144.4 2 0
github.com/go-micro/plugins/server/http/entrypoint/entrypoint.go:147.39,153.3 2 0
github.com/go-micro/plugins/server/http/entrypoint/entrypoint.go:157.25,158.37 1 0
github.com/go-micro/plugins/server/http/entrypoint/entrypoint.go:158.37,160.4 1 0
github.com/go-micro/plugins/server/http/entrypoint/entrypoint.go:168.54,175.25 2 0
github.com/go-micro/plugins/server/http/entrypoint/entrypoint.go:180.2,180.84 1 0
github.com/go-micro/plugins/server/http/entrypoint/entrypoint.go:188.2,188.47 1 0
github.com/go-micro/plugins/server/http/entrypoint/entrypoint.go:195.2,195.20 1 0
github.com/go-micro/plugins/server/http/entrypoint/entrypoint.go:175.25,177.3 1 0
github.com/go-micro/plugins/server/http/entrypoint/entrypoint.go:180.84,182.17 2 0
github.com/go-micro/plugins/server/http/entrypoint/entrypoint.go:182.17,184.4 1 0
github.com/go-micro/plugins/server/http/entrypoint/entrypoint.go:188.47,190.17 2 0
github.com/go-micro/plugins/server/http/entrypoint/entrypoint.go:190.17,192.4 1 0
github.com/go-micro/plugins/server/http/entrypoint/http.go:32.79,34.9 2 0
github.com/go-micro/plugins/server/http/entrypoint/http.go:38.2,38.23 1 0
github.com/go-micro/plugins/server/http/entrypoint/http.go:44.2,54.47 2 0
github.com/go-micro/plugins/server/http/entrypoint/http.go:60.2,60.80 1 0
github.com/go-micro/plugins/server/http/entrypoint/http.go:75.2,75.42 1 0
github.com/go-micro/plugins/server/http/entrypoint/http.go:34.9,36.3 1 0
github.com/go-micro/plugins/server/http/entrypoint/http.go:38.23,42.3 1 0
github.com/go-micro/plugins/server/http/entrypoint/http.go:54.47,56.3 1 0
github.com/go-micro/plugins/server/http/entrypoint/http.go:56.8,56.54 1 0
github.com/go-micro/plugins/server/http/entrypoint/http.go:56.54,58.3 1 0
github.com/go-micro/plugins/server/http/entrypoint/http.go:60.80,61.26 1 0
github.com/go-micro/plugins/server/http/entrypoint/http.go:65.3,67.54 1 0
github.com/go-micro/plugins/server/http/entrypoint/http.go:70.3,70.61 1 0
github.com/go-micro/plugins/server/http/entrypoint/http.go:61.26,63.4 1 0
github.com/go-micro/plugins/server/http/entrypoint/http.go:67.54,67.101 1 0
github.com/go-micro/plugins/server/http/entrypoint/http.go:70.61,72.4 1 0
github.com/go-micro/plugins/server/http/entrypoint/http.go:78.50,79.83 1 0
github.com/go-micro/plugins/server/http/entrypoint/http.go:83.2,83.12 1 0
github.com/go-micro/plugins/server/http/entrypoint/http.go:79.83,81.3 1 0
github.com/go-micro/plugins/server/http/entrypoint/http.go:86.54,87.91 1 0
github.com/go-micro/plugins/server/http/entrypoint/http.go:91.2,91.12 1 0
github.com/go-micro/plugins/server/http/entrypoint/http.go:87.91,89.3 1 0
github.com/go-micro/plugins/server/http/utils/header/header.go:14.52,16.16 2 0
github.com/go-micro/plugins/server/http/utils/header/header.go:20.2,20.16 1 0
github.com/go-micro/plugins/server/http/utils/header/header.go:16.16,18.3 1 0
github.com/go-micro/plugins/server/http/utils/header/header.go:25.82,29.39 2 0
github.com/go-micro/plugins/server/http/utils/header/header.go:34.2,35.41 2 0
github.com/go-micro/plugins/server/http/utils/header/header.go:47.2,47.15 1 0
github.com/go-micro/plugins/server/http/utils/header/header.go:29.39,31.3 1 0
github.com/go-micro/plugins/server/http/utils/header/header.go:35.41,37.17 2 0
github.com/go-micro/plugins/server/http/utils/header/header.go:42.3,42.25 1 0
github.com/go-micro/plugins/server/http/utils/header/header.go:37.17,38.12 1 0
github.com/go-micro/plugins/server/http/utils/header/header.go:42.25,44.4 1 0
github.com/go-micro/plugins/server/http/server.go:53.130,55.16 2 0
github.com/go-micro/plugins/server/http/server.go:59.2,60.16 2 0
github.com/go-micro/plugins/server/http/server.go:64.2,67.16 3 0
github.com/go-micro/plugins/server/http/server.go:71.2,79.46 2 0
github.com/go-micro/plugins/server/http/server.go:83.2,83.16 1 0
github.com/go-micro/plugins/server/http/server.go:55.16,57.3 1 0
github.com/go-micro/plugins/server/http/server.go:60.16,62.3 1 0
github.com/go-micro/plugins/server/http/server.go:67.16,69.3 1 0
github.com/go-micro/plugins/server/http/server.go:79.46,81.3 1 0
github.com/go-micro/plugins/server/http/server.go:87.32,88.46 1 0
github.com/go-micro/plugins/server/http/server.go:94.2,94.12 1 0
github.com/go-micro/plugins/server/http/server.go:88.46,89.44 1 0
github.com/go-micro/plugins/server/http/server.go:89.44,91.4 1 0
github.com/go-micro/plugins/server/http/server.go:98.50,103.34 2 0
github.com/go-micro/plugins/server/http/server.go:109.2,111.42 2 0
github.com/go-micro/plugins/server/http/server.go:117.2,119.12 2 0
github.com/go-micro/plugins/server/http/server.go:103.34,104.46 1 0
github.com/go-micro/plugins/server/http/server.go:104.46,106.4 1 0
github.com/go-micro/plugins/server/http/server.go:111.42,112.37 1 0
github.com/go-micro/plugins/server/http/server.go:112.37,114.4 1 0
github.com/go-micro/plugins/server/http/server.go:123.32,125.2 1 0
github.com/go-micro/plugins/server/http/server.go:128.34,130.2 1 0
github.com/go-micro/plugins/server/http/server.go:133.41,135.2 1 0
github.com/go-micro/plugins/server/http/server.go:137.44,138.41 1 0
github.com/go-micro/plugins/server/http/server.go:147.2,147.12 1 0
github.com/go-micro/plugins/server/http/server.go:138.41,140.17 2 0
github.com/go-micro/plugins/server/http/server.go:144.3,144.40 1 0
github.com/go-micro/plugins/server/http/server.go:140.17,142.4 1 0
github.com/go-micro/plugins/server/http/router/chi/chi.go:13.13,14.61 1 1
github.com/go-micro/plugins/server/http/router/chi/chi.go:14.61,15.13 1 0
github.com/go-micro/plugins/server/http/router/chi/chi.go:24.32,26.2 1 0
github.com/go-micro/plugins/server/http/router/chi/chi.go:29.26,35.2 2 0
github.com/go-micro/plugins/server/http/router/chi/chi.go:38.66,42.2 2 0
github.com/go-micro/plugins/server/http/utils/wg/wg.go:18.51,22.2 1 0
github.com/go-micro/plugins/server/http/utils/wg/wg.go:25.32,28.21 2 0
github.com/go-micro/plugins/server/http/utils/wg/wg.go:28.21,30.3 1 0
github.com/go-micro/plugins/server/http/utils/wg/wg.go:34.28,37.21 2 0
github.com/go-micro/plugins/server/http/utils/wg/wg.go:37.21,39.3 1 0
github.com/go-micro/plugins/server/http/utils/wg/wg.go:43.28,45.2 1 0
github.com/go-micro/plugins/server/http/codec.go:20.103,30.9 3 0
github.com/go-micro/plugins/server/http/codec.go:56.2,61.9 5 0
github.com/go-micro/plugins/server/http/codec.go:66.2,66.59 1 0
github.com/go-micro/plugins/server/http/codec.go:71.2,71.20 1 0
github.com/go-micro/plugins/server/http/codec.go:31.62,35.40 3 0
github.com/go-micro/plugins/server/http/codec.go:36.10,38.17 2 0
github.com/go-micro/plugins/server/http/codec.go:44.3,45.61 2 0
github.com/go-micro/plugins/server/http/codec.go:38.17,41.4 2 0
github.com/go-micro/plugins/server/http/codec.go:45.61,47.18 2 0
github.com/go-micro/plugins/server/http/codec.go:47.18,49.5 1 0
github.com/go-micro/plugins/server/http/codec.go:50.9,52.4 1 0
github.com/go-micro/plugins/server/http/codec.go:61.9,64.3 2 0
github.com/go-micro/plugins/server/http/codec.go:66.59,69.3 2 0
github.com/go-micro/plugins/server/http/codec.go:75.82,77.27 2 0
github.com/go-micro/plugins/server/http/codec.go:81.2,82.9 2 0
github.com/go-micro/plugins/server/http/codec.go:87.2,90.83 3 0
github.com/go-micro/plugins/server/http/codec.go:97.2,97.55 1 0
github.com/go-micro/plugins/server/http/codec.go:102.2,102.12 1 0
github.com/go-micro/plugins/server/http/codec.go:77.27,79.3 1 0
github.com/go-micro/plugins/server/http/codec.go:82.9,85.3 2 0
github.com/go-micro/plugins/server/http/codec.go:90.83,95.3 3 0
github.com/go-micro/plugins/server/http/codec.go:97.55,100.3 2 0
github.com/go-micro/plugins/server/http/config.go:73.105,86.89 4 0
github.com/go-micro/plugins/server/http/config.go:90.2,90.31 1 0
github.com/go-micro/plugins/server/http/config.go:95.2,95.17 1 0
github.com/go-micro/plugins/server/http/config.go:86.89,88.3 1 0
github.com/go-micro/plugins/server/http/config.go:90.31,93.3 2 0
github.com/go-micro/plugins/server/http/config.go:99.50,100.33 1 0
github.com/go-micro/plugins/server/http/config.go:100.33,102.3 1 0
github.com/go-micro/plugins/server/http/config.go:107.52,108.32 1 0
github.com/go-micro/plugins/server/http/config.go:112.2,114.48 2 0
github.com/go-micro/plugins/server/http/config.go:122.2,122.18 1 0
github.com/go-micro/plugins/server/http/config.go:126.2,126.16 1 0
github.com/go-micro/plugins/server/http/config.go:108.32,110.3 1 0
github.com/go-micro/plugins/server/http/config.go:114.48,115.39 1 0
github.com/go-micro/plugins/server/http/config.go:115.39,116.46 1 0
github.com/go-micro/plugins/server/http/config.go:116.46,118.5 1 0
github.com/go-micro/plugins/server/http/config.go:122.18,124.3 1 0
github.com/go-micro/plugins/server/http/config.go:131.53,132.24 1 0
github.com/go-micro/plugins/server/http/config.go:136.2,137.16 2 0
github.com/go-micro/plugins/server/http/config.go:141.2,141.25 1 0
github.com/go-micro/plugins/server/http/config.go:132.24,134.3 1 0
github.com/go-micro/plugins/server/http/config.go:137.16,139.3 1 0
github.com/go-micro/plugins/server/http/config.go:147.65,148.25 1 0
github.com/go-micro/plugins/server/http/config.go:148.25,150.3 1 0
github.com/go-micro/plugins/server/http/config.go:157.64,158.25 1 0
github.com/go-micro/plugins/server/http/config.go:158.25,160.3 1 0
github.com/go-micro/plugins/server/http/config.go:174.42,175.25 1 0
github.com/go-micro/plugins/server/http/config.go:175.25,176.30 1 0
github.com/go-micro/plugins/server/http/config.go:176.30,179.4 2 0
github.com/go-micro/plugins/server/http/config.go:194.56,195.25 1 0
github.com/go-micro/plugins/server/http/config.go:195.25,197.3 1 0
github.com/go-micro/plugins/server/http/config.go:202.28,204.2 1 0
github.com/go-micro/plugins/server/http/config.go:207.25,209.2 1 0
github.com/go-micro/plugins/server/http/config.go:214.24,215.25 1 0
github.com/go-micro/plugins/server/http/config.go:215.25,217.3 1 0
github.com/go-micro/plugins/server/http/config.go:222.37,223.25 1 0
github.com/go-micro/plugins/server/http/config.go:223.25,225.3 1 0
github.com/go-micro/plugins/server/http/config.go:229.32,231.2 1 0
github.com/go-micro/plugins/server/http/config.go:235.28,237.2 1 0
github.com/go-micro/plugins/server/http/utils/tests/proto/echo.pb.go:31.31,33.29 2 0
github.com/go-micro/plugins/server/http/utils/tests/proto/echo.pb.go:33.29,37.3 3 0
github.com/go-micro/plugins/server/http/utils/tests/proto/echo.pb.go:40.39,42.2 1 0
github.com/go-micro/plugins/server/http/utils/tests/proto/echo.pb.go:44.37,44.38 0 0
github.com/go-micro/plugins/server/http/utils/tests/proto/echo.pb.go:46.59,48.41 2 0
github.com/go-micro/plugins/server/http/utils/tests/proto/echo.pb.go:55.2,55.24 1 0
github.com/go-micro/plugins/server/http/utils/tests/proto/echo.pb.go:48.41,50.34 2 0
github.com/go-micro/plugins/server/http/utils/tests/proto/echo.pb.go:53.3,53.12 1 0
github.com/go-micro/plugins/server/http/utils/tests/proto/echo.pb.go:50.34,52.4 1 0
github.com/go-micro/plugins/server/http/utils/tests/proto/echo.pb.go:59.50,61.2 1 0
github.com/go-micro/plugins/server/http/utils/tests/proto/echo.pb.go:63.40,64.14 1 0
github.com/go-micro/plugins/server/http/utils/tests/proto/echo.pb.go:67.2,67.11 1 0
github.com/go-micro/plugins/server/http/utils/tests/proto/echo.pb.go:64.14,66.3 1 0
github.com/go-micro/plugins/server/http/utils/tests/proto/echo.pb.go:79.32,81.29 2 0
github.com/go-micro/plugins/server/http/utils/tests/proto/echo.pb.go:81.29,85.3 3 0
github.com/go-micro/plugins/server/http/utils/tests/proto/echo.pb.go:88.40,90.2 1 0
github.com/go-micro/plugins/server/http/utils/tests/proto/echo.pb.go:92.38,92.39 0 0
github.com/go-micro/plugins/server/http/utils/tests/proto/echo.pb.go:94.60,96.41 2 0
github.com/go-micro/plugins/server/http/utils/tests/proto/echo.pb.go:103.2,103.24 1 0
github.com/go-micro/plugins/server/http/utils/tests/proto/echo.pb.go:96.41,98.34 2 0
github.com/go-micro/plugins/server/http/utils/tests/proto/echo.pb.go:101.3,101.12 1 0
github.com/go-micro/plugins/server/http/utils/tests/proto/echo.pb.go:98.34,100.4 1 0
github.com/go-micro/plugins/server/http/utils/tests/proto/echo.pb.go:107.51,109.2 1 0
github.com/go-micro/plugins/server/http/utils/tests/proto/echo.pb.go:111.40,112.14 1 0
github.com/go-micro/plugins/server/http/utils/tests/proto/echo.pb.go:115.2,115.11 1 0
github.com/go-micro/plugins/server/http/utils/tests/proto/echo.pb.go:112.14,114.3 1 0
github.com/go-micro/plugins/server/http/utils/tests/proto/echo.pb.go:118.44,119.14 1 0
github.com/go-micro/plugins/server/http/utils/tests/proto/echo.pb.go:122.2,122.12 1 0
github.com/go-micro/plugins/server/http/utils/tests/proto/echo.pb.go:119.14,121.3 1 0
github.com/go-micro/plugins/server/http/utils/tests/proto/echo.pb.go:149.49,150.46 1 0
github.com/go-micro/plugins/server/http/utils/tests/proto/echo.pb.go:153.2,153.42 1 0
github.com/go-micro/plugins/server/http/utils/tests/proto/echo.pb.go:150.46,152.3 1 0
github.com/go-micro/plugins/server/http/utils/tests/proto/echo.pb.go:171.13,171.45 1 1
github.com/go-micro/plugins/server/http/utils/tests/proto/echo.pb.go:172.35,173.34 1 1
github.com/go-micro/plugins/server/http/utils/tests/proto/echo.pb.go:176.2,176.30 1 1
github.com/go-micro/plugins/server/http/utils/tests/proto/echo.pb.go:202.2,219.37 6 1
github.com/go-micro/plugins/server/http/utils/tests/proto/echo.pb.go:173.34,175.3 1 0
github.com/go-micro/plugins/server/http/utils/tests/proto/echo.pb.go:176.30,177.87 1 0
github.com/go-micro/plugins/server/http/utils/tests/proto/echo.pb.go:189.3,189.87 1 0
github.com/go-micro/plugins/server/http/utils/tests/proto/echo.pb.go:177.87,178.36 1 0
github.com/go-micro/plugins/server/http/utils/tests/proto/echo.pb.go:179.11,180.20 1 0
github.com/go-micro/plugins/server/http/utils/tests/proto/echo.pb.go:181.11,182.24 1 0
github.com/go-micro/plugins/server/http/utils/tests/proto/echo.pb.go:183.11,184.28 1 0
github.com/go-micro/plugins/server/http/utils/tests/proto/echo.pb.go:185.12,186.15 1 0
github.com/go-micro/plugins/server/http/utils/tests/proto/echo.pb.go:189.87,190.37 1 0
github.com/go-micro/plugins/server/http/utils/tests/proto/echo.pb.go:191.11,192.20 1 0
github.com/go-micro/plugins/server/http/utils/tests/proto/echo.pb.go:193.11,194.24 1 0
github.com/go-micro/plugins/server/http/utils/tests/proto/echo.pb.go:195.11,196.28 1 0
github.com/go-micro/plugins/server/http/utils/tests/proto/echo.pb.go:197.12,198.15 1 0
github.com/go-micro/plugins/server/http/utils/tests/proto/echo_grpc.pb.go:32.66,34.2 1 0
github.com/go-micro/plugins/server/http/utils/tests/proto/echo_grpc.pb.go:36.116,39.16 3 0
github.com/go-micro/plugins/server/http/utils/tests/proto/echo_grpc.pb.go:42.2,42.17 1 0
github.com/go-micro/plugins/server/http/utils/tests/proto/echo_grpc.pb.go:39.16,41.3 1 0
github.com/go-micro/plugins/server/http/utils/tests/proto/echo_grpc.pb.go:57.94,59.2 1 0
github.com/go-micro/plugins/server/http/utils/tests/proto/echo_grpc.pb.go:60.74,60.75 0 0
github.com/go-micro/plugins/server/http/utils/tests/proto/echo_grpc.pb.go:69.72,71.2 1 0
github.com/go-micro/plugins/server/http/utils/tests/proto/echo_grpc.pb.go:73.157,75.32 2 0
github.com/go-micro/plugins/server/http/utils/tests/proto/echo_grpc.pb.go:78.2,78.24 1 0
github.com/go-micro/plugins/server/http/utils/tests/proto/echo_grpc.pb.go:81.2,85.77 2 0
github.com/go-micro/plugins/server/http/utils/tests/proto/echo_grpc.pb.go:88.2,88.44 1 0
github.com/go-micro/plugins/server/http/utils/tests/proto/echo_grpc.pb.go:75.32,77.3 1 0
github.com/go-micro/plugins/server/http/utils/tests/proto/echo_grpc.pb.go:78.24,80.3 1 0
github.com/go-micro/plugins/server/http/utils/tests/proto/echo_grpc.pb.go:85.77,87.3 1 0
github.com/go-micro/plugins/server/http/utils/tls/tls.go:20.67,26.16 4 0
github.com/go-micro/plugins/server/http/utils/tls/tls.go:30.2,35.21 2 0
github.com/go-micro/plugins/server/http/utils/tls/tls.go:26.16,28.3 1 0
github.com/go-micro/plugins/server/http/utils/tls/tls.go:39.56,42.28 2 1
github.com/go-micro/plugins/server/http/utils/tls/tls.go:52.2,54.16 2 1
github.com/go-micro/plugins/server/http/utils/tls/tls.go:58.2,64.21 2 1
github.com/go-micro/plugins/server/http/utils/tls/tls.go:42.28,44.17 2 1
github.com/go-micro/plugins/server/http/utils/tls/tls.go:48.3,48.30 1 1
github.com/go-micro/plugins/server/http/utils/tls/tls.go:44.17,46.4 1 0
github.com/go-micro/plugins/server/http/utils/tls/tls.go:54.16,56.3 1 0
github.com/go-micro/plugins/server/http/utils/tls/tls.go:69.49,71.16 2 1
github.com/go-micro/plugins/server/http/utils/tls/tls.go:75.2,78.16 3 1
github.com/go-micro/plugins/server/http/utils/tls/tls.go:82.2,85.41 3 1
github.com/go-micro/plugins/server/http/utils/tls/tls.go:71.16,73.3 1 0
github.com/go-micro/plugins/server/http/utils/tls/tls.go:78.16,80.3 1 0
github.com/go-micro/plugins/server/http/utils/tls/tls.go:89.59,93.16 3 1
github.com/go-micro/plugins/server/http/utils/tls/tls.go:97.2,103.16 5 1
github.com/go-micro/plugins/server/http/utils/tls/tls.go:107.2,121.25 2 1
github.com/go-micro/plugins/server/http/utils/tls/tls.go:129.2,133.16 4 1
github.com/go-micro/plugins/server/http/utils/tls/tls.go:138.2,139.93 2 1
github.com/go-micro/plugins/server/http/utils/tls/tls.go:144.2,147.16 3 1
github.com/go-micro/plugins/server/http/utils/tls/tls.go:151.2,151.88 1 1
github.com/go-micro/plugins/server/http/utils/tls/tls.go:155.2,156.16 2 1
github.com/go-micro/plugins/server/http/utils/tls/tls.go:160.2,160.18 1 1
github.com/go-micro/plugins/server/http/utils/tls/tls.go:93.16,95.3 1 0
github.com/go-micro/plugins/server/http/utils/tls/tls.go:103.16,105.3 1 0
github.com/go-micro/plugins/server/http/utils/tls/tls.go:121.25,122.38 1 1
github.com/go-micro/plugins/server/http/utils/tls/tls.go:122.38,124.4 1 0
github.com/go-micro/plugins/server/http/utils/tls/tls.go:124.9,126.4 1 1
github.com/go-micro/plugins/server/http/utils/tls/tls.go:133.16,135.3 1 0
github.com/go-micro/plugins/server/http/utils/tls/tls.go:139.93,141.3 1 0
github.com/go-micro/plugins/server/http/utils/tls/tls.go:147.16,149.3 1 0
github.com/go-micro/plugins/server/http/utils/tls/tls.go:151.88,153.3 1 0
github.com/go-micro/plugins/server/http/utils/tls/tls.go:156.16,158.3 1 0
github.com/go-micro/plugins/server/http/utils/udp/udp.go:7.63,9.2 1 0
github.com/go-micro/plugins/server/http/entrypoint/config.go:48.52,63.2 3 0
github.com/go-micro/plugins/server/http/entrypoint/config.go:66.50,67.33 1 0
github.com/go-micro/plugins/server/http/entrypoint/config.go:67.33,69.3 1 0
github.com/go-micro/plugins/server/http/entrypoint/config.go:75.41,76.25 1 0
github.com/go-micro/plugins/server/http/entrypoint/config.go:76.25,78.3 1 0
github.com/go-micro/plugins/server/http/entrypoint/config.go:82.51,83.25 1 0
github.com/go-micro/plugins/server/http/entrypoint/config.go:83.25,87.3 2 0
github.com/go-micro/plugins/server/http/entrypoint/config.go:91.50,92.25 1 0
github.com/go-micro/plugins/server/http/entrypoint/config.go:92.25,94.3 1 0
github.com/go-micro/plugins/server/http/entrypoint/config.go:101.28,102.25 1 0
github.com/go-micro/plugins/server/http/entrypoint/config.go:102.25,104.3 1 0
github.com/go-micro/plugins/server/http/entrypoint/config.go:108.25,109.25 1 0
github.com/go-micro/plugins/server/http/entrypoint/config.go:109.25,111.3 1 0
github.com/go-micro/plugins/server/http/entrypoint/config.go:115.28,116.25 1 0
github.com/go-micro/plugins/server/http/entrypoint/config.go:116.25,118.3 1 0
github.com/go-micro/plugins/server/http/entrypoint/config.go:123.24,124.25 1 0
github.com/go-micro/plugins/server/http/entrypoint/config.go:124.25,126.3 1 0
github.com/go-micro/plugins/server/http/entrypoint/http.go:32.79,34.9 2 1
github.com/go-micro/plugins/server/http/entrypoint/http.go:38.2,38.23 1 1
github.com/go-micro/plugins/server/http/entrypoint/http.go:44.2,54.47 2 1
github.com/go-micro/plugins/server/http/entrypoint/http.go:60.2,60.80 1 1
github.com/go-micro/plugins/server/http/entrypoint/http.go:75.2,75.42 1 1
github.com/go-micro/plugins/server/http/entrypoint/http.go:34.9,36.3 1 0
github.com/go-micro/plugins/server/http/entrypoint/http.go:38.23,42.3 1 1
github.com/go-micro/plugins/server/http/entrypoint/http.go:54.47,56.3 1 1
github.com/go-micro/plugins/server/http/entrypoint/http.go:56.8,56.54 1 1
github.com/go-micro/plugins/server/http/entrypoint/http.go:56.54,58.3 1 0
github.com/go-micro/plugins/server/http/entrypoint/http.go:60.80,61.26 1 1
github.com/go-micro/plugins/server/http/entrypoint/http.go:65.3,67.54 1 1
github.com/go-micro/plugins/server/http/entrypoint/http.go:70.3,70.61 1 1
github.com/go-micro/plugins/server/http/entrypoint/http.go:61.26,63.4 1 1
github.com/go-micro/plugins/server/http/entrypoint/http.go:67.54,67.101 1 1
github.com/go-micro/plugins/server/http/entrypoint/http.go:70.61,72.4 1 0
github.com/go-micro/plugins/server/http/entrypoint/http.go:78.50,79.83 1 1
github.com/go-micro/plugins/server/http/entrypoint/http.go:83.2,83.12 1 1
github.com/go-micro/plugins/server/http/entrypoint/http.go:79.83,81.3 1 0
github.com/go-micro/plugins/server/http/entrypoint/http.go:86.54,87.91 1 1
github.com/go-micro/plugins/server/http/entrypoint/http.go:91.2,91.12 1 1
github.com/go-micro/plugins/server/http/entrypoint/http.go:87.91,89.3 1 0
github.com/go-micro/plugins/server/http/entrypoint/http3.go:31.61,33.16 2 1
github.com/go-micro/plugins/server/http/entrypoint/http3.go:37.2,38.64 1 1
github.com/go-micro/plugins/server/http/entrypoint/http3.go:44.2,55.80 4 1
github.com/go-micro/plugins/server/http/entrypoint/http3.go:63.2,63.17 1 1
github.com/go-micro/plugins/server/http/entrypoint/http3.go:33.16,35.3 1 0
github.com/go-micro/plugins/server/http/entrypoint/http3.go:38.64,41.4 1 1
github.com/go-micro/plugins/server/http/entrypoint/http3.go:55.80,56.56 1 0
github.com/go-micro/plugins/server/http/entrypoint/http3.go:60.3,60.37 1 0
github.com/go-micro/plugins/server/http/entrypoint/http3.go:56.56,58.4 1 0
github.com/go-micro/plugins/server/http/entrypoint/http3.go:66.54,67.76 1 1
github.com/go-micro/plugins/server/http/entrypoint/http3.go:71.2,71.12 1 1
github.com/go-micro/plugins/server/http/entrypoint/http3.go:67.76,69.3 1 0
github.com/go-micro/plugins/server/http/entrypoint/http3.go:74.54,77.2 1 1
github.com/go-micro/plugins/server/http/entrypoint/http3.go:79.94,84.2 3 1
github.com/go-micro/plugins/server/http/entrypoint/http3.go:86.68,87.14 1 1
github.com/go-micro/plugins/server/http/entrypoint/http3.go:91.2,93.10 2 1
github.com/go-micro/plugins/server/http/entrypoint/http3.go:87.14,89.3 1 0
github.com/go-micro/plugins/server/http/config.go:73.105,86.89 4 1
github.com/go-micro/plugins/server/http/config.go:90.2,90.31 1 1
github.com/go-micro/plugins/server/http/config.go:95.2,95.17 1 1
github.com/go-micro/plugins/server/http/config.go:86.89,88.3 1 0
github.com/go-micro/plugins/server/http/config.go:90.31,93.3 2 1
github.com/go-micro/plugins/server/http/config.go:99.50,100.33 1 1
github.com/go-micro/plugins/server/http/config.go:100.33,102.3 1 1
github.com/go-micro/plugins/server/http/config.go:107.52,108.32 1 1
github.com/go-micro/plugins/server/http/config.go:112.2,114.48 2 1
github.com/go-micro/plugins/server/http/config.go:122.2,122.18 1 1
github.com/go-micro/plugins/server/http/config.go:126.2,126.16 1 1
github.com/go-micro/plugins/server/http/config.go:108.32,110.3 1 0
github.com/go-micro/plugins/server/http/config.go:114.48,115.39 1 1
github.com/go-micro/plugins/server/http/config.go:115.39,116.46 1 1
github.com/go-micro/plugins/server/http/config.go:116.46,118.5 1 1
github.com/go-micro/plugins/server/http/config.go:122.18,124.3 1 0
github.com/go-micro/plugins/server/http/config.go:131.53,132.24 1 1
github.com/go-micro/plugins/server/http/config.go:136.2,137.16 2 1
github.com/go-micro/plugins/server/http/config.go:141.2,141.25 1 1
github.com/go-micro/plugins/server/http/config.go:132.24,134.3 1 0
github.com/go-micro/plugins/server/http/config.go:137.16,139.3 1 0
github.com/go-micro/plugins/server/http/config.go:147.65,148.25 1 1
github.com/go-micro/plugins/server/http/config.go:148.25,150.3 1 1
github.com/go-micro/plugins/server/http/config.go:157.64,158.25 1 0
github.com/go-micro/plugins/server/http/config.go:158.25,160.3 1 0
github.com/go-micro/plugins/server/http/config.go:174.42,175.25 1 1
github.com/go-micro/plugins/server/http/config.go:175.25,176.30 1 1
github.com/go-micro/plugins/server/http/config.go:176.30,179.4 2 1
github.com/go-micro/plugins/server/http/config.go:194.56,195.25 1 0
github.com/go-micro/plugins/server/http/config.go:195.25,197.3 1 0
github.com/go-micro/plugins/server/http/config.go:202.28,204.2 1 1
github.com/go-micro/plugins/server/http/config.go:207.25,209.2 1 1
github.com/go-micro/plugins/server/http/config.go:214.24,215.25 1 1
github.com/go-micro/plugins/server/http/config.go:215.25,217.3 1 1
github.com/go-micro/plugins/server/http/config.go:222.37,223.25 1 0
github.com/go-micro/plugins/server/http/config.go:223.25,225.3 1 0
github.com/go-micro/plugins/server/http/config.go:229.32,231.2 1 1
github.com/go-micro/plugins/server/http/config.go:235.28,237.2 1 1
github.com/go-micro/plugins/server/http/server.go:53.130,55.16 2 1
github.com/go-micro/plugins/server/http/server.go:59.2,60.16 2 1
github.com/go-micro/plugins/server/http/server.go:64.2,67.16 3 1
github.com/go-micro/plugins/server/http/server.go:71.2,79.46 2 1
github.com/go-micro/plugins/server/http/server.go:83.2,83.16 1 1
github.com/go-micro/plugins/server/http/server.go:55.16,57.3 1 0
github.com/go-micro/plugins/server/http/server.go:60.16,62.3 1 0
github.com/go-micro/plugins/server/http/server.go:67.16,69.3 1 0
github.com/go-micro/plugins/server/http/server.go:79.46,81.3 1 0
github.com/go-micro/plugins/server/http/server.go:87.32,88.46 1 1
github.com/go-micro/plugins/server/http/server.go:94.2,94.12 1 1
github.com/go-micro/plugins/server/http/server.go:88.46,89.44 1 1
github.com/go-micro/plugins/server/http/server.go:89.44,91.4 1 0
github.com/go-micro/plugins/server/http/server.go:98.50,103.34 2 1
github.com/go-micro/plugins/server/http/server.go:109.2,111.42 2 1
github.com/go-micro/plugins/server/http/server.go:117.2,119.12 2 1
github.com/go-micro/plugins/server/http/server.go:103.34,104.46 1 1
github.com/go-micro/plugins/server/http/server.go:104.46,106.4 1 1
github.com/go-micro/plugins/server/http/server.go:111.42,112.37 1 1
github.com/go-micro/plugins/server/http/server.go:112.37,114.4 1 0
github.com/go-micro/plugins/server/http/server.go:123.32,125.2 1 0
github.com/go-micro/plugins/server/http/server.go:128.34,130.2 1 0
github.com/go-micro/plugins/server/http/server.go:133.41,135.2 1 1
github.com/go-micro/plugins/server/http/server.go:137.44,138.41 1 1
github.com/go-micro/plugins/server/http/server.go:147.2,147.12 1 1
github.com/go-micro/plugins/server/http/server.go:138.41,140.17 2 1
github.com/go-micro/plugins/server/http/server.go:144.3,144.40 1 1
github.com/go-micro/plugins/server/http/server.go:140.17,142.4 1 0
github.com/go-micro/plugins/server/http/utils/tls/tls.go:20.67,26.16 4 0
github.com/go-micro/plugins/server/http/utils/tls/tls.go:30.2,35.21 2 0
github.com/go-micro/plugins/server/http/utils/tls/tls.go:26.16,28.3 1 0
github.com/go-micro/plugins/server/http/utils/tls/tls.go:39.56,42.28 2 1
github.com/go-micro/plugins/server/http/utils/tls/tls.go:52.2,54.16 2 1
github.com/go-micro/plugins/server/http/utils/tls/tls.go:58.2,64.21 2 1
github.com/go-micro/plugins/server/http/utils/tls/tls.go:42.28,44.17 2 1
github.com/go-micro/plugins/server/http/utils/tls/tls.go:48.3,48.30 1 1
github.com/go-micro/plugins/server/http/utils/tls/tls.go:44.17,46.4 1 0
github.com/go-micro/plugins/server/http/utils/tls/tls.go:54.16,56.3 1 0
github.com/go-micro/plugins/server/http/utils/tls/tls.go:69.49,71.16 2 0
github.com/go-micro/plugins/server/http/utils/tls/tls.go:75.2,78.16 3 0
github.com/go-micro/plugins/server/http/utils/tls/tls.go:82.2,85.41 3 0
github.com/go-micro/plugins/server/http/utils/tls/tls.go:71.16,73.3 1 0
github.com/go-micro/plugins/server/http/utils/tls/tls.go:78.16,80.3 1 0
github.com/go-micro/plugins/server/http/utils/tls/tls.go:89.59,93.16 3 1
github.com/go-micro/plugins/server/http/utils/tls/tls.go:97.2,103.16 5 1
github.com/go-micro/plugins/server/http/utils/tls/tls.go:107.2,121.25 2 1
github.com/go-micro/plugins/server/http/utils/tls/tls.go:129.2,133.16 4 1
github.com/go-micro/plugins/server/http/utils/tls/tls.go:138.2,139.93 2 1
github.com/go-micro/plugins/server/http/utils/tls/tls.go:144.2,147.16 3 1
github.com/go-micro/plugins/server/http/utils/tls/tls.go:151.2,151.88 1 1
github.com/go-micro/plugins/server/http/utils/tls/tls.go:155.2,156.16 2 1
github.com/go-micro/plugins/server/http/utils/tls/tls.go:160.2,160.18 1 1
github.com/go-micro/plugins/server/http/utils/tls/tls.go:93.16,95.3 1 0
github.com/go-micro/plugins/server/http/utils/tls/tls.go:103.16,105.3 1 0
github.com/go-micro/plugins/server/http/utils/tls/tls.go:121.25,122.38 1 1
github.com/go-micro/plugins/server/http/utils/tls/tls.go:122.38,124.4 1 1
github.com/go-micro/plugins/server/http/utils/tls/tls.go:124.9,126.4 1 1
github.com/go-micro/plugins/server/http/utils/tls/tls.go:133.16,135.3 1 0
github.com/go-micro/plugins/server/http/utils/tls/tls.go:139.93,141.3 1 0
github.com/go-micro/plugins/server/http/utils/tls/tls.go:147.16,149.3 1 0
github.com/go-micro/plugins/server/http/utils/tls/tls.go:151.88,153.3 1 0
github.com/go-micro/plugins/server/http/utils/tls/tls.go:156.16,158.3 1 0
github.com/go-micro/plugins/server/http/entrypoint/config.go:48.52,63.2 3 1
github.com/go-micro/plugins/server/http/entrypoint/config.go:66.50,67.33 1 1
github.com/go-micro/plugins/server/http/entrypoint/config.go:67.33,69.3 1 1
github.com/go-micro/plugins/server/http/entrypoint/config.go:75.41,76.25 1 1
github.com/go-micro/plugins/server/http/entrypoint/config.go:76.25,78.3 1 1
github.com/go-micro/plugins/server/http/entrypoint/config.go:82.51,83.25 1 0
github.com/go-micro/plugins/server/http/entrypoint/config.go:83.25,87.3 2 0
github.com/go-micro/plugins/server/http/entrypoint/config.go:91.50,92.25 1 0
github.com/go-micro/plugins/server/http/entrypoint/config.go:92.25,94.3 1 0
github.com/go-micro/plugins/server/http/entrypoint/config.go:101.28,102.25 1 1
github.com/go-micro/plugins/server/http/entrypoint/config.go:102.25,104.3 1 1
github.com/go-micro/plugins/server/http/entrypoint/config.go:108.25,109.25 1 1
github.com/go-micro/plugins/server/http/entrypoint/config.go:109.25,111.3 1 1
github.com/go-micro/plugins/server/http/entrypoint/config.go:115.28,116.25 1 1
github.com/go-micro/plugins/server/http/entrypoint/config.go:116.25,118.3 1 1
github.com/go-micro/plugins/server/http/entrypoint/config.go:123.24,124.25 1 1
github.com/go-micro/plugins/server/http/entrypoint/config.go:124.25,126.3 1 1
github.com/go-micro/plugins/server/http/utils/tests/proto/echo.pb.go:31.31,33.29 2 1
github.com/go-micro/plugins/server/http/utils/tests/proto/echo.pb.go:33.29,37.3 3 1
github.com/go-micro/plugins/server/http/utils/tests/proto/echo.pb.go:40.39,42.2 1 0
github.com/go-micro/plugins/server/http/utils/tests/proto/echo.pb.go:44.37,44.38 0 0
github.com/go-micro/plugins/server/http/utils/tests/proto/echo.pb.go:46.59,48.41 2 1
github.com/go-micro/plugins/server/http/utils/tests/proto/echo.pb.go:55.2,55.24 1 0
github.com/go-micro/plugins/server/http/utils/tests/proto/echo.pb.go:48.41,50.34 2 1
github.com/go-micro/plugins/server/http/utils/tests/proto/echo.pb.go:53.3,53.12 1 1
github.com/go-micro/plugins/server/http/utils/tests/proto/echo.pb.go:50.34,52.4 1 1
github.com/go-micro/plugins/server/http/utils/tests/proto/echo.pb.go:59.50,61.2 1 0
github.com/go-micro/plugins/server/http/utils/tests/proto/echo.pb.go:63.40,64.14 1 0
github.com/go-micro/plugins/server/http/utils/tests/proto/echo.pb.go:67.2,67.11 1 0
github.com/go-micro/plugins/server/http/utils/tests/proto/echo.pb.go:64.14,66.3 1 0
github.com/go-micro/plugins/server/http/utils/tests/proto/echo.pb.go:79.32,81.29 2 1
github.com/go-micro/plugins/server/http/utils/tests/proto/echo.pb.go:81.29,85.3 3 1
github.com/go-micro/plugins/server/http/utils/tests/proto/echo.pb.go:88.40,90.2 1 0
github.com/go-micro/plugins/server/http/utils/tests/proto/echo.pb.go:92.38,92.39 0 0
github.com/go-micro/plugins/server/http/utils/tests/proto/echo.pb.go:94.60,96.41 2 1
github.com/go-micro/plugins/server/http/utils/tests/proto/echo.pb.go:103.2,103.24 1 0
github.com/go-micro/plugins/server/http/utils/tests/proto/echo.pb.go:96.41,98.34 2 1
github.com/go-micro/plugins/server/http/utils/tests/proto/echo.pb.go:101.3,101.12 1 1
github.com/go-micro/plugins/server/http/utils/tests/proto/echo.pb.go:98.34,100.4 1 1
github.com/go-micro/plugins/server/http/utils/tests/proto/echo.pb.go:107.51,109.2 1 0
github.com/go-micro/plugins/server/http/utils/tests/proto/echo.pb.go:111.40,112.14 1 0
github.com/go-micro/plugins/server/http/utils/tests/proto/echo.pb.go:115.2,115.11 1 0
github.com/go-micro/plugins/server/http/utils/tests/proto/echo.pb.go:112.14,114.3 1 0
github.com/go-micro/plugins/server/http/utils/tests/proto/echo.pb.go:118.44,119.14 1 0
github.com/go-micro/plugins/server/http/utils/tests/proto/echo.pb.go:122.2,122.12 1 0
github.com/go-micro/plugins/server/http/utils/tests/proto/echo.pb.go:119.14,121.3 1 0
github.com/go-micro/plugins/server/http/utils/tests/proto/echo.pb.go:149.49,150.46 1 0
github.com/go-micro/plugins/server/http/utils/tests/proto/echo.pb.go:153.2,153.42 1 0
github.com/go-micro/plugins/server/http/utils/tests/proto/echo.pb.go:150.46,152.3 1 0
github.com/go-micro/plugins/server/http/utils/tests/proto/echo.pb.go:171.13,171.45 1 1
github.com/go-micro/plugins/server/http/utils/tests/proto/echo.pb.go:172.35,173.34 1 1
github.com/go-micro/plugins/server/http/utils/tests/proto/echo.pb.go:176.2,176.30 1 1
github.com/go-micro/plugins/server/http/utils/tests/proto/echo.pb.go:202.2,219.37 6 1
github.com/go-micro/plugins/server/http/utils/tests/proto/echo.pb.go:173.34,175.3 1 0
github.com/go-micro/plugins/server/http/utils/tests/proto/echo.pb.go:176.30,177.87 1 0
github.com/go-micro/plugins/server/http/utils/tests/proto/echo.pb.go:189.3,189.87 1 0
github.com/go-micro/plugins/server/http/utils/tests/proto/echo.pb.go:177.87,178.36 1 0
github.com/go-micro/plugins/server/http/utils/tests/proto/echo.pb.go:179.11,180.20 1 0
github.com/go-micro/plugins/server/http/utils/tests/proto/echo.pb.go:181.11,182.24 1 0
github.com/go-micro/plugins/server/http/utils/tests/proto/echo.pb.go:183.11,184.28 1 0
github.com/go-micro/plugins/server/http/utils/tests/proto/echo.pb.go:185.12,186.15 1 0
github.com/go-micro/plugins/server/http/utils/tests/proto/echo.pb.go:189.87,190.37 1 0
github.com/go-micro/plugins/server/http/utils/tests/proto/echo.pb.go:191.11,192.20 1 0
github.com/go-micro/plugins/server/http/utils/tests/proto/echo.pb.go:193.11,194.24 1 0
github.com/go-micro/plugins/server/http/utils/tests/proto/echo.pb.go:195.11,196.28 1 0
github.com/go-micro/plugins/server/http/utils/tests/proto/echo.pb.go:197.12,198.15 1 0
github.com/go-micro/plugins/server/http/utils/tests/handler/hander.go:18.101,23.2 1 1
github.com/go-micro/plugins/server/http/handler.go:16.117,18.9 2 1
github.com/go-micro/plugins/server/http/handler.go:22.2,22.54 1 1
github.com/go-micro/plugins/server/http/handler.go:18.9,19.26 1 0
github.com/go-micro/plugins/server/http/handler.go:22.54,25.53 2 1
github.com/go-micro/plugins/server/http/handler.go:32.3,33.17 2 1
github.com/go-micro/plugins/server/http/handler.go:40.3,40.51 1 1
github.com/go-micro/plugins/server/http/handler.go:25.53,30.4 3 1
github.com/go-micro/plugins/server/http/handler.go:33.17,38.4 3 0
github.com/go-micro/plugins/server/http/handler.go:40.51,45.4 3 0
github.com/go-micro/plugins/server/http/handler.go:50.51,54.2 2 1
github.com/go-micro/plugins/server/http/utils/ip/ip.go:24.44,25.23 1 1
github.com/go-micro/plugins/server/http/utils/ip/ip.go:29.2,30.16 2 1
github.com/go-micro/plugins/server/http/utils/ip/ip.go:34.2,35.16 2 1
github.com/go-micro/plugins/server/http/utils/ip/ip.go:39.2,39.24 1 1
github.com/go-micro/plugins/server/http/utils/ip/ip.go:44.2,44.20 1 1
github.com/go-micro/plugins/server/http/utils/ip/ip.go:48.2,48.58 1 1
github.com/go-micro/plugins/server/http/utils/ip/ip.go:52.2,52.12 1 1
github.com/go-micro/plugins/server/http/utils/ip/ip.go:25.23,27.3 1 0
github.com/go-micro/plugins/server/http/utils/ip/ip.go:30.16,32.3 1 0
github.com/go-micro/plugins/server/http/utils/ip/ip.go:35.16,37.3 1 0
github.com/go-micro/plugins/server/http/utils/ip/ip.go:39.24,41.3 1 0
github.com/go-micro/plugins/server/http/utils/ip/ip.go:44.20,46.3 1 0
github.com/go-micro/plugins/server/http/utils/ip/ip.go:48.58,50.3 1 0
github.com/go-micro/plugins/server/http/utils/ip/ip.go:56.45,58.16 2 1
github.com/go-micro/plugins/server/http/utils/ip/ip.go:62.2,63.16 2 1
github.com/go-micro/plugins/server/http/utils/ip/ip.go:67.2,67.15 1 1
github.com/go-micro/plugins/server/http/utils/ip/ip.go:58.16,60.3 1 0
github.com/go-micro/plugins/server/http/utils/ip/ip.go:63.16,65.3 1 0
github.com/go-micro/plugins/server/http/entrypoint/entrypoint.go:41.116,44.60 2 1
github.com/go-micro/plugins/server/http/entrypoint/entrypoint.go:48.2,56.16 4 1
github.com/go-micro/plugins/server/http/entrypoint/entrypoint.go:60.2,61.16 2 1
github.com/go-micro/plugins/server/http/entrypoint/entrypoint.go:65.2,65.30 1 1
github.com/go-micro/plugins/server/http/entrypoint/entrypoint.go:69.2,70.16 2 1
github.com/go-micro/plugins/server/http/entrypoint/entrypoint.go:74.2,74.25 1 1
github.com/go-micro/plugins/server/http/entrypoint/entrypoint.go:44.60,46.3 1 0
github.com/go-micro/plugins/server/http/entrypoint/entrypoint.go:56.16,58.3 1 0
github.com/go-micro/plugins/server/http/entrypoint/entrypoint.go:61.16,63.3 1 0
github.com/go-micro/plugins/server/http/entrypoint/entrypoint.go:65.30,67.3 1 1
github.com/go-micro/plugins/server/http/entrypoint/entrypoint.go:70.16,72.3 1 0
github.com/go-micro/plugins/server/http/entrypoint/entrypoint.go:78.36,79.15 1 1
github.com/go-micro/plugins/server/http/entrypoint/entrypoint.go:83.2,88.16 4 1
github.com/go-micro/plugins/server/http/entrypoint/entrypoint.go:92.2,92.12 1 1
github.com/go-micro/plugins/server/http/entrypoint/entrypoint.go:98.2,98.21 1 1
github.com/go-micro/plugins/server/http/entrypoint/entrypoint.go:104.2,105.16 2 1
github.com/go-micro/plugins/server/http/entrypoint/entrypoint.go:109.2,109.12 1 1
github.com/go-micro/plugins/server/http/entrypoint/entrypoint.go:115.2,117.12 2 1
github.com/go-micro/plugins/server/http/entrypoint/entrypoint.go:79.15,81.3 1 1
github.com/go-micro/plugins/server/http/entrypoint/entrypoint.go:88.16,90.3 1 0
github.com/go-micro/plugins/server/http/entrypoint/entrypoint.go:92.12,93.58 1 1
github.com/go-micro/plugins/server/http/entrypoint/entrypoint.go:93.58,95.4 1 0
github.com/go-micro/plugins/server/http/entrypoint/entrypoint.go:98.21,101.3 2 1
github.com/go-micro/plugins/server/http/entrypoint/entrypoint.go:105.16,107.3 1 0
github.com/go-micro/plugins/server/http/entrypoint/entrypoint.go:109.12,110.60 1 1
github.com/go-micro/plugins/server/http/entrypoint/entrypoint.go:110.60,112.4 1 0
github.com/go-micro/plugins/server/http/entrypoint/entrypoint.go:125.54,126.16 1 1
github.com/go-micro/plugins/server/http/entrypoint/entrypoint.go:130.2,136.20 5 1
github.com/go-micro/plugins/server/http/entrypoint/entrypoint.go:147.2,147.39 1 1
github.com/go-micro/plugins/server/http/entrypoint/entrypoint.go:155.2,157.25 2 1
github.com/go-micro/plugins/server/http/entrypoint/entrypoint.go:163.2,165.12 2 1
github.com/go-micro/plugins/server/http/entrypoint/entrypoint.go:126.16,128.3 1 1
github.com/go-micro/plugins/server/http/entrypoint/entrypoint.go:136.20,139.13 2 1
github.com/go-micro/plugins/server/http/entrypoint/entrypoint.go:139.13,144.4 2 1
github.com/go-micro/plugins/server/http/entrypoint/entrypoint.go:147.39,153.3 2 1
github.com/go-micro/plugins/server/http/entrypoint/entrypoint.go:157.25,158.37 1 1
github.com/go-micro/plugins/server/http/entrypoint/entrypoint.go:158.37,160.4 1 0
github.com/go-micro/plugins/server/http/entrypoint/entrypoint.go:168.54,175.25 2 1
github.com/go-micro/plugins/server/http/entrypoint/entrypoint.go:180.2,180.84 1 1
github.com/go-micro/plugins/server/http/entrypoint/entrypoint.go:188.2,188.47 1 1
github.com/go-micro/plugins/server/http/entrypoint/entrypoint.go:195.2,195.20 1 1
github.com/go-micro/plugins/server/http/entrypoint/entrypoint.go:175.25,177.3 1 0
github.com/go-micro/plugins/server/http/entrypoint/entrypoint.go:180.84,182.17 2 0
github.com/go-micro/plugins/server/http/entrypoint/entrypoint.go:182.17,184.4 1 0
github.com/go-micro/plugins/server/http/entrypoint/entrypoint.go:188.47,190.17 2 1
github.com/go-micro/plugins/server/http/entrypoint/entrypoint.go:190.17,192.4 1 0
github.com/go-micro/plugins/server/http/utils/header/header.go:14.52,16.16 2 1
github.com/go-micro/plugins/server/http/utils/header/header.go:20.2,20.16 1 1
github.com/go-micro/plugins/server/http/utils/header/header.go:16.16,18.3 1 0
github.com/go-micro/plugins/server/http/utils/header/header.go:25.82,29.39 2 1
github.com/go-micro/plugins/server/http/utils/header/header.go:34.2,35.41 2 1
github.com/go-micro/plugins/server/http/utils/header/header.go:47.2,47.15 1 1
github.com/go-micro/plugins/server/http/utils/header/header.go:29.39,31.3 1 1
github.com/go-micro/plugins/server/http/utils/header/header.go:35.41,37.17 2 1
github.com/go-micro/plugins/server/http/utils/header/header.go:42.3,42.25 1 1
github.com/go-micro/plugins/server/http/utils/header/header.go:37.17,38.12 1 1
github.com/go-micro/plugins/server/http/utils/header/header.go:42.25,44.4 1 1
github.com/go-micro/plugins/server/http/router/chi/chi.go:13.13,14.61 1 1
github.com/go-micro/plugins/server/http/router/chi/chi.go:14.61,15.13 1 0
github.com/go-micro/plugins/server/http/router/chi/chi.go:24.32,26.2 1 1
github.com/go-micro/plugins/server/http/router/chi/chi.go:29.26,35.2 2 1
github.com/go-micro/plugins/server/http/router/chi/chi.go:38.66,42.2 2 0
github.com/go-micro/plugins/server/http/utils/tests/tests.go:57.13,59.2 1 1
github.com/go-micro/plugins/server/http/utils/tests/tests.go:62.23,101.75 5 1
github.com/go-micro/plugins/server/http/utils/tests/tests.go:101.75,103.5 1 1
github.com/go-micro/plugins/server/http/utils/tests/tests.go:109.68,113.16 3 1
github.com/go-micro/plugins/server/http/utils/tests/tests.go:117.2,117.58 1 1
github.com/go-micro/plugins/server/http/utils/tests/tests.go:121.2,121.12 1 1
github.com/go-micro/plugins/server/http/utils/tests/tests.go:113.16,115.3 1 0
github.com/go-micro/plugins/server/http/utils/tests/tests.go:117.58,119.3 1 0
github.com/go-micro/plugins/server/http/utils/tests/tests.go:125.73,127.16 2 1
github.com/go-micro/plugins/server/http/utils/tests/tests.go:131.2,135.16 4 1
github.com/go-micro/plugins/server/http/utils/tests/tests.go:139.2,139.58 1 1
github.com/go-micro/plugins/server/http/utils/tests/tests.go:143.2,143.12 1 1
github.com/go-micro/plugins/server/http/utils/tests/tests.go:127.16,129.3 1 0
github.com/go-micro/plugins/server/http/utils/tests/tests.go:135.16,137.3 1 0
github.com/go-micro/plugins/server/http/utils/tests/tests.go:139.58,141.3 1 0
github.com/go-micro/plugins/server/http/utils/tests/tests.go:147.78,151.16 3 1
github.com/go-micro/plugins/server/http/utils/tests/tests.go:155.2,158.16 3 1
github.com/go-micro/plugins/server/http/utils/tests/tests.go:162.2,162.55 1 1
github.com/go-micro/plugins/server/http/utils/tests/tests.go:166.2,166.12 1 1
github.com/go-micro/plugins/server/http/utils/tests/tests.go:151.16,153.3 1 0
github.com/go-micro/plugins/server/http/utils/tests/tests.go:158.16,160.3 1 1
github.com/go-micro/plugins/server/http/utils/tests/tests.go:162.55,164.3 1 0
github.com/go-micro/plugins/server/http/utils/tests/tests.go:170.52,177.16 3 0
github.com/go-micro/plugins/server/http/utils/tests/tests.go:181.2,184.12 3 0
github.com/go-micro/plugins/server/http/utils/tests/tests.go:177.16,179.3 1 0
github.com/go-micro/plugins/server/http/utils/tests/tests.go:187.56,189.52 2 1
github.com/go-micro/plugins/server/http/utils/tests/tests.go:193.2,193.34 1 1
github.com/go-micro/plugins/server/http/utils/tests/tests.go:197.2,197.12 1 1
github.com/go-micro/plugins/server/http/utils/tests/tests.go:189.52,191.3 1 0
github.com/go-micro/plugins/server/http/utils/tests/tests.go:193.34,195.3 1 0
github.com/go-micro/plugins/server/http/utils/tests/tests.go:200.57,202.53 2 1
github.com/go-micro/plugins/server/http/utils/tests/tests.go:206.2,206.31 1 1
github.com/go-micro/plugins/server/http/utils/tests/tests.go:210.2,210.12 1 1
github.com/go-micro/plugins/server/http/utils/tests/tests.go:202.53,204.3 1 0
github.com/go-micro/plugins/server/http/utils/tests/tests.go:206.31,208.3 1 0
github.com/go-micro/plugins/server/http/utils/tests/tests.go:213.94,225.16 2 1
github.com/go-micro/plugins/server/http/utils/tests/tests.go:229.2,229.15 1 1
github.com/go-micro/plugins/server/http/utils/tests/tests.go:235.2,236.16 2 1
github.com/go-micro/plugins/server/http/utils/tests/tests.go:240.2,242.38 2 1
github.com/go-micro/plugins/server/http/utils/tests/tests.go:246.2,246.18 1 1
github.com/go-micro/plugins/server/http/utils/tests/tests.go:225.16,227.3 1 0
github.com/go-micro/plugins/server/http/utils/tests/tests.go:229.15,230.42 1 1
github.com/go-micro/plugins/server/http/utils/tests/tests.go:230.42,232.4 1 0
github.com/go-micro/plugins/server/http/utils/tests/tests.go:236.16,238.3 1 0
github.com/go-micro/plugins/server/http/utils/tests/tests.go:242.38,244.3 1 0
github.com/go-micro/plugins/server/http/utils/tests/tests.go:249.99,266.16 2 1
github.com/go-micro/plugins/server/http/utils/tests/tests.go:270.2,270.15 1 1
github.com/go-micro/plugins/server/http/utils/tests/tests.go:276.2,276.38 1 1
github.com/go-micro/plugins/server/http/utils/tests/tests.go:280.2,281.16 2 1
github.com/go-micro/plugins/server/http/utils/tests/tests.go:285.2,287.18 2 1
github.com/go-micro/plugins/server/http/utils/tests/tests.go:266.16,268.3 1 0
github.com/go-micro/plugins/server/http/utils/tests/tests.go:270.15,271.42 1 1
github.com/go-micro/plugins/server/http/utils/tests/tests.go:271.42,273.4 1 0
github.com/go-micro/plugins/server/http/utils/tests/tests.go:276.38,278.3 1 1
github.com/go-micro/plugins/server/http/utils/tests/tests.go:281.16,283.3 1 0
github.com/go-micro/plugins/server/http/utils/tests/tests.go:290.110,296.14 2 1
github.com/go-micro/plugins/server/http/utils/tests/tests.go:318.2,318.18 1 1
github.com/go-micro/plugins/server/http/utils/tests/tests.go:297.20,298.60 1 1
github.com/go-micro/plugins/server/http/utils/tests/tests.go:299.17,300.53 1 1
github.com/go-micro/plugins/server/http/utils/tests/tests.go:301.17,302.53 1 1
github.com/go-micro/plugins/server/http/utils/tests/tests.go:303.17,313.49 2 1
github.com/go-micro/plugins/server/http/utils/tests/tests.go:314.15,315.55 1 1
github.com/go-micro/plugins/server/http/utils/tests/tests.go:321.67,323.34 1 1
github.com/go-micro/plugins/server/http/utils/tests/tests.go:323.34,329.3 1 1
github.com/go-micro/plugins/server/http/utils/tests/proto/echo_grpc.pb.go:32.66,34.2 1 0
github.com/go-micro/plugins/server/http/utils/tests/proto/echo_grpc.pb.go:36.116,39.16 3 0
github.com/go-micro/plugins/server/http/utils/tests/proto/echo_grpc.pb.go:42.2,42.17 1 0
github.com/go-micro/plugins/server/http/utils/tests/proto/echo_grpc.pb.go:39.16,41.3 1 0
github.com/go-micro/plugins/server/http/utils/tests/proto/echo_grpc.pb.go:57.94,59.2 1 0
github.com/go-micro/plugins/server/http/utils/tests/proto/echo_grpc.pb.go:60.74,60.75 0 0
github.com/go-micro/plugins/server/http/utils/tests/proto/echo_grpc.pb.go:69.72,71.2 1 0
github.com/go-micro/plugins/server/http/utils/tests/proto/echo_grpc.pb.go:73.157,75.32 2 0
github.com/go-micro/plugins/server/http/utils/tests/proto/echo_grpc.pb.go:78.2,78.24 1 0
github.com/go-micro/plugins/server/http/utils/tests/proto/echo_grpc.pb.go:81.2,85.77 2 0
github.com/go-micro/plugins/server/http/utils/tests/proto/echo_grpc.pb.go:88.2,88.44 1 0
github.com/go-micro/plugins/server/http/utils/tests/proto/echo_grpc.pb.go:75.32,77.3 1 0
github.com/go-micro/plugins/server/http/utils/tests/proto/echo_grpc.pb.go:78.24,80.3 1 0
github.com/go-micro/plugins/server/http/utils/tests/proto/echo_grpc.pb.go:85.77,87.3 1 0
github.com/go-micro/plugins/server/http/utils/wg/wg.go:18.51,22.2 1 0
github.com/go-micro/plugins/server/http/utils/wg/wg.go:25.32,28.21 2 0
github.com/go-micro/plugins/server/http/utils/wg/wg.go:28.21,30.3 1 0
github.com/go-micro/plugins/server/http/utils/wg/wg.go:34.28,37.21 2 0
github.com/go-micro/plugins/server/http/utils/wg/wg.go:37.21,39.3 1 0
github.com/go-micro/plugins/server/http/utils/wg/wg.go:43.28,45.2 1 0
github.com/go-micro/plugins/server/http/codec.go:20.103,30.9 3 1
github.com/go-micro/plugins/server/http/codec.go:56.2,61.9 5 1
github.com/go-micro/plugins/server/http/codec.go:66.2,66.59 1 1
github.com/go-micro/plugins/server/http/codec.go:71.2,71.20 1 1
github.com/go-micro/plugins/server/http/codec.go:31.62,35.40 3 1
github.com/go-micro/plugins/server/http/codec.go:36.10,38.17 2 1
github.com/go-micro/plugins/server/http/codec.go:44.3,45.61 2 1
github.com/go-micro/plugins/server/http/codec.go:38.17,41.4 2 0
github.com/go-micro/plugins/server/http/codec.go:45.61,47.18 2 0
github.com/go-micro/plugins/server/http/codec.go:47.18,49.5 1 0
github.com/go-micro/plugins/server/http/codec.go:50.9,52.4 1 1
github.com/go-micro/plugins/server/http/codec.go:61.9,64.3 2 1
github.com/go-micro/plugins/server/http/codec.go:66.59,69.3 2 0
github.com/go-micro/plugins/server/http/codec.go:75.82,77.27 2 1
github.com/go-micro/plugins/server/http/codec.go:81.2,82.9 2 1
github.com/go-micro/plugins/server/http/codec.go:87.2,90.83 3 1
github.com/go-micro/plugins/server/http/codec.go:97.2,97.55 1 1
github.com/go-micro/plugins/server/http/codec.go:102.2,102.12 1 1
github.com/go-micro/plugins/server/http/codec.go:77.27,79.3 1 0
github.com/go-micro/plugins/server/http/codec.go:82.9,85.3 2 0
github.com/go-micro/plugins/server/http/codec.go:90.83,95.3 3 1
github.com/go-micro/plugins/server/http/codec.go:97.55,100.3 2 0
github.com/go-micro/plugins/server/http/utils/tcp/tcp.go:10.79,12.20 1 1
github.com/go-micro/plugins/server/http/utils/tcp/tcp.go:16.2,16.32 1 1
github.com/go-micro/plugins/server/http/utils/tcp/tcp.go:12.20,14.3 1 1
github.com/go-micro/plugins/server/http/utils/udp/udp.go:7.63,9.2 1 1
