mode: atomic
github.com/go-micro/plugins/server/http/http.go:32.79,34.9 2 12
github.com/go-micro/plugins/server/http/http.go:38.2,38.18 1 12
github.com/go-micro/plugins/server/http/http.go:44.2,54.47 2 12
github.com/go-micro/plugins/server/http/http.go:60.2,60.80 1 12
github.com/go-micro/plugins/server/http/http.go:75.2,75.42 1 12
github.com/go-micro/plugins/server/http/http.go:34.9,36.3 1 0
github.com/go-micro/plugins/server/http/http.go:38.18,42.3 1 1
github.com/go-micro/plugins/server/http/http.go:54.47,56.3 1 10
github.com/go-micro/plugins/server/http/http.go:56.8,56.54 1 2
github.com/go-micro/plugins/server/http/http.go:56.54,58.3 1 0
github.com/go-micro/plugins/server/http/http.go:60.80,61.26 1 11
github.com/go-micro/plugins/server/http/http.go:65.3,67.54 1 11
github.com/go-micro/plugins/server/http/http.go:70.3,70.61 1 11
github.com/go-micro/plugins/server/http/http.go:61.26,63.4 1 9
github.com/go-micro/plugins/server/http/http.go:67.54,67.101 1 7
github.com/go-micro/plugins/server/http/http.go:70.61,72.4 1 0
github.com/go-micro/plugins/server/http/http.go:78.50,79.83 1 11
github.com/go-micro/plugins/server/http/http.go:83.2,83.12 1 11
github.com/go-micro/plugins/server/http/http.go:79.83,81.3 1 0
github.com/go-micro/plugins/server/http/http.go:86.54,87.91 1 11
github.com/go-micro/plugins/server/http/http.go:91.2,91.12 1 11
github.com/go-micro/plugins/server/http/http.go:87.91,89.3 1 0
github.com/go-micro/plugins/server/http/http3.go:31.61,33.16 2 1
github.com/go-micro/plugins/server/http/http3.go:37.2,38.64 1 1
github.com/go-micro/plugins/server/http/http3.go:44.2,55.80 4 1
github.com/go-micro/plugins/server/http/http3.go:63.2,63.17 1 1
github.com/go-micro/plugins/server/http/http3.go:33.16,35.3 1 0
github.com/go-micro/plugins/server/http/http3.go:38.64,41.4 1 7
github.com/go-micro/plugins/server/http/http3.go:55.80,56.56 1 0
github.com/go-micro/plugins/server/http/http3.go:60.3,60.37 1 0
github.com/go-micro/plugins/server/http/http3.go:56.56,58.4 1 0
github.com/go-micro/plugins/server/http/http3.go:66.54,67.76 1 1
github.com/go-micro/plugins/server/http/http3.go:71.2,71.12 1 1
github.com/go-micro/plugins/server/http/http3.go:67.76,69.3 1 0
github.com/go-micro/plugins/server/http/http3.go:74.54,77.2 1 1
github.com/go-micro/plugins/server/http/http3.go:79.94,84.2 3 7
github.com/go-micro/plugins/server/http/http3.go:86.68,87.14 1 1
github.com/go-micro/plugins/server/http/http3.go:91.2,93.10 2 1
github.com/go-micro/plugins/server/http/http3.go:87.14,89.3 1 0
github.com/go-micro/plugins/server/http/codec.go:20.107,30.9 3 58
github.com/go-micro/plugins/server/http/codec.go:56.2,61.9 5 58
github.com/go-micro/plugins/server/http/codec.go:66.2,66.59 1 56
github.com/go-micro/plugins/server/http/codec.go:71.2,71.20 1 55
github.com/go-micro/plugins/server/http/codec.go:31.62,35.40 3 7
github.com/go-micro/plugins/server/http/codec.go:36.10,38.17 2 51
github.com/go-micro/plugins/server/http/codec.go:44.3,45.61 2 51
github.com/go-micro/plugins/server/http/codec.go:38.17,41.4 2 0
github.com/go-micro/plugins/server/http/codec.go:45.61,47.18 2 0
github.com/go-micro/plugins/server/http/codec.go:47.18,49.5 1 0
github.com/go-micro/plugins/server/http/codec.go:50.9,52.4 1 51
github.com/go-micro/plugins/server/http/codec.go:61.9,64.3 2 2
github.com/go-micro/plugins/server/http/codec.go:66.59,69.3 2 1
github.com/go-micro/plugins/server/http/codec.go:75.86,77.27 2 54
github.com/go-micro/plugins/server/http/codec.go:81.2,82.9 2 54
github.com/go-micro/plugins/server/http/codec.go:87.2,94.76 5 54
github.com/go-micro/plugins/server/http/codec.go:101.2,101.55 1 54
github.com/go-micro/plugins/server/http/codec.go:106.2,106.12 1 54
github.com/go-micro/plugins/server/http/codec.go:77.27,79.3 1 0
github.com/go-micro/plugins/server/http/codec.go:82.9,85.3 2 0
github.com/go-micro/plugins/server/http/codec.go:94.76,99.3 3 7
github.com/go-micro/plugins/server/http/codec.go:101.55,104.3 2 0
github.com/go-micro/plugins/server/http/config.go:163.61,164.34 1 17
github.com/go-micro/plugins/server/http/config.go:171.2,171.80 1 0
github.com/go-micro/plugins/server/http/config.go:164.34,165.21 1 17
github.com/go-micro/plugins/server/http/config.go:165.21,167.4 1 17
github.com/go-micro/plugins/server/http/config.go:175.108,198.89 4 17
github.com/go-micro/plugins/server/http/config.go:202.2,202.17 1 17
github.com/go-micro/plugins/server/http/config.go:198.89,200.3 1 0
github.com/go-micro/plugins/server/http/config.go:206.50,207.33 1 34
github.com/go-micro/plugins/server/http/config.go:207.33,209.3 1 30
github.com/go-micro/plugins/server/http/config.go:214.52,215.32 1 14
github.com/go-micro/plugins/server/http/config.go:219.2,221.48 2 13
github.com/go-micro/plugins/server/http/config.go:230.2,230.18 1 13
github.com/go-micro/plugins/server/http/config.go:234.2,234.16 1 12
github.com/go-micro/plugins/server/http/config.go:215.32,217.3 1 1
github.com/go-micro/plugins/server/http/config.go:221.48,222.39 1 39
github.com/go-micro/plugins/server/http/config.go:222.39,224.46 1 36
github.com/go-micro/plugins/server/http/config.go:224.46,226.5 1 96
github.com/go-micro/plugins/server/http/config.go:230.18,232.3 1 1
github.com/go-micro/plugins/server/http/config.go:239.53,240.24 1 16
github.com/go-micro/plugins/server/http/config.go:244.2,245.16 2 15
github.com/go-micro/plugins/server/http/config.go:249.2,249.25 1 14
github.com/go-micro/plugins/server/http/config.go:240.24,242.3 1 1
github.com/go-micro/plugins/server/http/config.go:245.16,247.3 1 1
github.com/go-micro/plugins/server/http/config.go:253.100,263.87 4 17
github.com/go-micro/plugins/server/http/config.go:267.2,268.16 2 17
github.com/go-micro/plugins/server/http/config.go:272.2,272.17 1 17
github.com/go-micro/plugins/server/http/config.go:263.87,265.3 1 0
github.com/go-micro/plugins/server/http/config.go:268.16,270.3 1 0
github.com/go-micro/plugins/server/http/config.go:276.35,277.25 1 0
github.com/go-micro/plugins/server/http/config.go:277.25,279.3 1 0
github.com/go-micro/plugins/server/http/config.go:285.41,286.25 1 2
github.com/go-micro/plugins/server/http/config.go:286.25,288.3 1 2
github.com/go-micro/plugins/server/http/config.go:292.50,293.25 1 1
github.com/go-micro/plugins/server/http/config.go:293.25,295.3 1 1
github.com/go-micro/plugins/server/http/config.go:305.28,306.25 1 2
github.com/go-micro/plugins/server/http/config.go:306.25,308.3 1 2
github.com/go-micro/plugins/server/http/config.go:312.25,313.25 1 1
github.com/go-micro/plugins/server/http/config.go:313.25,315.3 1 1
github.com/go-micro/plugins/server/http/config.go:319.32,320.25 1 1
github.com/go-micro/plugins/server/http/config.go:320.25,322.3 1 1
github.com/go-micro/plugins/server/http/config.go:331.30,332.25 1 1
github.com/go-micro/plugins/server/http/config.go:332.25,334.3 1 1
github.com/go-micro/plugins/server/http/config.go:339.28,340.25 1 1
github.com/go-micro/plugins/server/http/config.go:340.25,342.3 1 1
github.com/go-micro/plugins/server/http/config.go:346.52,347.32 1 0
github.com/go-micro/plugins/server/http/config.go:347.32,349.9 2 0
github.com/go-micro/plugins/server/http/config.go:357.3,357.71 1 0
github.com/go-micro/plugins/server/http/config.go:349.9,350.30 1 0
github.com/go-micro/plugins/server/http/config.go:354.4,354.28 1 0
github.com/go-micro/plugins/server/http/config.go:350.30,352.5 1 0
github.com/go-micro/plugins/server/http/config.go:364.39,365.25 1 0
github.com/go-micro/plugins/server/http/config.go:365.25,367.3 1 0
github.com/go-micro/plugins/server/http/config.go:371.39,372.25 1 2
github.com/go-micro/plugins/server/http/config.go:372.25,374.3 1 2
github.com/go-micro/plugins/server/http/config.go:380.47,381.25 1 2
github.com/go-micro/plugins/server/http/config.go:381.25,383.3 1 2
github.com/go-micro/plugins/server/http/config.go:388.65,389.25 1 17
github.com/go-micro/plugins/server/http/config.go:389.25,391.3 1 17
github.com/go-micro/plugins/server/http/config.go:396.76,397.25 1 0
github.com/go-micro/plugins/server/http/config.go:397.25,399.3 1 0
github.com/go-micro/plugins/server/http/config.go:403.54,404.32 1 0
github.com/go-micro/plugins/server/http/config.go:404.32,406.10 2 0
github.com/go-micro/plugins/server/http/config.go:411.3,412.10 2 0
github.com/go-micro/plugins/server/http/config.go:417.3,424.4 2 0
github.com/go-micro/plugins/server/http/config.go:406.10,408.50 1 0
github.com/go-micro/plugins/server/http/config.go:412.10,414.74 1 0
github.com/go-micro/plugins/server/http/entrypoint.go:73.24,77.9 3 17
github.com/go-micro/plugins/server/http/entrypoint.go:81.2,88.16 4 17
github.com/go-micro/plugins/server/http/entrypoint.go:92.2,92.56 1 17
github.com/go-micro/plugins/server/http/entrypoint.go:96.2,97.16 2 16
github.com/go-micro/plugins/server/http/entrypoint.go:101.2,102.16 2 14
github.com/go-micro/plugins/server/http/entrypoint.go:106.2,107.16 2 12
github.com/go-micro/plugins/server/http/entrypoint.go:111.2,121.16 4 12
github.com/go-micro/plugins/server/http/entrypoint.go:125.2,126.16 2 12
github.com/go-micro/plugins/server/http/entrypoint.go:130.2,130.30 1 12
github.com/go-micro/plugins/server/http/entrypoint.go:134.2,135.16 2 1
github.com/go-micro/plugins/server/http/entrypoint.go:139.2,139.25 1 1
github.com/go-micro/plugins/server/http/entrypoint.go:77.9,79.3 1 0
github.com/go-micro/plugins/server/http/entrypoint.go:88.16,90.3 1 0
github.com/go-micro/plugins/server/http/entrypoint.go:92.56,94.3 1 1
github.com/go-micro/plugins/server/http/entrypoint.go:97.16,99.3 1 2
github.com/go-micro/plugins/server/http/entrypoint.go:102.16,104.3 1 2
github.com/go-micro/plugins/server/http/entrypoint.go:107.16,109.3 1 0
github.com/go-micro/plugins/server/http/entrypoint.go:121.16,123.3 1 0
github.com/go-micro/plugins/server/http/entrypoint.go:126.16,128.3 1 0
github.com/go-micro/plugins/server/http/entrypoint.go:130.30,132.3 1 11
github.com/go-micro/plugins/server/http/entrypoint.go:135.16,137.3 1 0
github.com/go-micro/plugins/server/http/entrypoint.go:143.36,144.15 1 15
github.com/go-micro/plugins/server/http/entrypoint.go:148.2,154.47 4 12
github.com/go-micro/plugins/server/http/entrypoint.go:158.2,159.16 2 12
github.com/go-micro/plugins/server/http/entrypoint.go:163.2,163.12 1 11
github.com/go-micro/plugins/server/http/entrypoint.go:169.2,169.21 1 11
github.com/go-micro/plugins/server/http/entrypoint.go:175.2,176.16 2 1
github.com/go-micro/plugins/server/http/entrypoint.go:180.2,180.12 1 1
github.com/go-micro/plugins/server/http/entrypoint.go:186.2,188.12 2 1
github.com/go-micro/plugins/server/http/entrypoint.go:144.15,146.3 1 3
github.com/go-micro/plugins/server/http/entrypoint.go:154.47,156.3 1 12
github.com/go-micro/plugins/server/http/entrypoint.go:159.16,161.3 1 1
github.com/go-micro/plugins/server/http/entrypoint.go:163.12,164.58 1 11
github.com/go-micro/plugins/server/http/entrypoint.go:164.58,166.4 1 0
github.com/go-micro/plugins/server/http/entrypoint.go:169.21,172.3 2 10
github.com/go-micro/plugins/server/http/entrypoint.go:176.16,178.3 1 0
github.com/go-micro/plugins/server/http/entrypoint.go:180.12,181.60 1 1
github.com/go-micro/plugins/server/http/entrypoint.go:181.60,183.4 1 0
github.com/go-micro/plugins/server/http/entrypoint.go:196.54,197.16 1 13
github.com/go-micro/plugins/server/http/entrypoint.go:201.2,207.20 5 11
github.com/go-micro/plugins/server/http/entrypoint.go:218.2,218.39 1 11
github.com/go-micro/plugins/server/http/entrypoint.go:225.2,227.25 2 11
github.com/go-micro/plugins/server/http/entrypoint.go:233.2,235.12 2 11
github.com/go-micro/plugins/server/http/entrypoint.go:197.16,199.3 1 2
github.com/go-micro/plugins/server/http/entrypoint.go:207.20,210.13 2 1
github.com/go-micro/plugins/server/http/entrypoint.go:210.13,215.4 2 1
github.com/go-micro/plugins/server/http/entrypoint.go:218.39,223.3 2 11
github.com/go-micro/plugins/server/http/entrypoint.go:227.25,228.37 1 12
github.com/go-micro/plugins/server/http/entrypoint.go:228.37,230.4 1 0
github.com/go-micro/plugins/server/http/entrypoint.go:239.65,241.2 1 0
github.com/go-micro/plugins/server/http/entrypoint.go:244.38,246.2 1 0
github.com/go-micro/plugins/server/http/entrypoint.go:249.36,251.2 1 0
github.com/go-micro/plugins/server/http/entrypoint.go:254.44,256.2 1 0
github.com/go-micro/plugins/server/http/entrypoint.go:260.45,262.2 1 12
github.com/go-micro/plugins/server/http/entrypoint.go:264.54,271.25 2 12
github.com/go-micro/plugins/server/http/entrypoint.go:276.2,276.47 1 11
github.com/go-micro/plugins/server/http/entrypoint.go:283.2,283.20 1 11
github.com/go-micro/plugins/server/http/entrypoint.go:271.25,273.3 1 1
github.com/go-micro/plugins/server/http/entrypoint.go:276.47,278.17 2 9
github.com/go-micro/plugins/server/http/entrypoint.go:278.17,280.4 1 0
github.com/go-micro/plugins/server/http/handler.go:16.120,17.54 1 24
github.com/go-micro/plugins/server/http/handler.go:17.54,20.53 2 58
github.com/go-micro/plugins/server/http/handler.go:27.3,28.17 2 55
github.com/go-micro/plugins/server/http/handler.go:35.3,35.51 1 54
github.com/go-micro/plugins/server/http/handler.go:20.53,25.4 3 3
github.com/go-micro/plugins/server/http/handler.go:28.17,33.4 3 1
github.com/go-micro/plugins/server/http/handler.go:35.51,40.4 3 0
github.com/go-micro/plugins/server/http/handler.go:45.51,49.2 2 4
